 
ANSYS Electronics Desktop Version 2020.2.0, Build: 2020-05-28 21:17:40
Location: C:\Program Files\AnsysEM\AnsysEM20.2\Win64\ansysedt.exe
Non Graphical Mode: No Project??
Starting Batch Run: 1:02:54 pm  Sep 27, 2024
Running as user: KIAN\kianf
Temp directory: C:\Users\kianf\AppData\Local\Temp
Project directory: C:\Users\kianf\OneDrive\Documents\Ansoft
[info] Project:OP1E, Design:Maxwell3DDesign1 (Magnetostatic), DesignXplorer Analysis on DefaultDesignXplorerSetup has been started. (1:03:00 pm  Sep 27, 2024)
[info] Project:OP1E, Design:Maxwell3DDesign1 (Magnetostatic), A variation ($length_between_row='2.7487569989170901mm' $move_r='4.7303563449531802mm') has been requested using the following machines: Local Machine. (1:03:01 pm  Sep 27, 2024)
[info] Project:OP1E, Design:Maxwell3DDesign1 (Magnetostatic), Verify conduction path: Conduction path validate success. (1:03:04 pm  Sep 27, 2024)
[warning] Project:OP1E, Design:Maxwell3DDesign1 (Magnetostatic), Adaptive Passes did not converge based on specified criteria. (1:06:09 pm  Sep 27, 2024)
[info] Project:OP1E, Design:Maxwell3DDesign1 (Magnetostatic), DesignXplorer Analysis is done. (1:06:14 pm  Sep 27, 2024)
[info] Project:OP1E, Design:Maxwell3DDesign1 (Magnetostatic), A variation ($length_between_row='0.16482598730362999mm' $move_r='5.1166806463152197mm') has been requested using the following machines: Local Machine. (1:06:19 pm  Sep 27, 2024)
[info] Project:OP1E, Design:Maxwell3DDesign1 (Magnetostatic), Verify conduction path: Conduction path validate success. (1:06:19 pm  Sep 27, 2024)
[info] Project:OP1E, Design:Maxwell3DDesign1 (Magnetostatic), DesignXplorer Analysis is done. (1:09:30 pm  Sep 27, 2024)
[info] Project:OP1E, Design:Maxwell3DDesign1 (Magnetostatic), A variation ($length_between_row='4.1653817461337903mm' $move_r='33.054582718759796mm') has been requested using the following machines: Local Machine. (1:09:35 pm  Sep 27, 2024)
[info] Project:OP1E, Design:Maxwell3DDesign1 (Magnetostatic), Verify conduction path: Conduction path validate success. (1:09:35 pm  Sep 27, 2024)
[error] Project:OP1E, Design:Maxwell3DDesign1 (Magnetostatic), DesignXplorer Analysis failed - User aborted. (1:10:00 pm  Sep 27, 2024)
Stopping Batch Run: 1:10:34 pm  Sep 27, 2024
 
ANSYS Electronics Desktop Version 2020.2.0, Build: 2020-05-28 21:17:40
Location: C:\Program Files\AnsysEM\AnsysEM20.2\Win64\ansysedt.exe
Non Graphical Mode: No Project??
Starting Batch Run: 3:11:35 pm  Sep 27, 2024
Running as user: KIAN\kianf
Temp directory: C:\Users\kianf\AppData\Local\Temp
Project directory: C:\Users\kianf\OneDrive\Documents\Ansoft
[info] Project:OP1E, Design:Maxwell3DDesign1 (Magnetostatic), DesignXplorer Analysis on DefaultDesignXplorerSetup has been started. (3:11:45 pm  Sep 27, 2024)
[info] Project:OP1E, Design:Maxwell3DDesign1 (Magnetostatic), A variation ($length_between_row='4.1653817461337903mm' $move_r='33.054582718759796mm') has been requested using the following machines: Local Machine. (3:11:47 pm  Sep 27, 2024)
[warning] Project:OP1E, Design:Maxwell3DDesign1 (Magnetostatic), Adaptive Passes did not converge based on specified criteria. (3:17:44 pm  Sep 27, 2024)
[info] Project:OP1E, Design:Maxwell3DDesign1 (Magnetostatic), DesignXplorer Analysis is done. (3:17:54 pm  Sep 27, 2024)
[info] Project:OP1E, Design:Maxwell3DDesign1 (Magnetostatic), A variation ($length_between_row='0.90665173600427795mm' $move_r='18.149672150611899mm') has been requested using the following machines: Local Machine. (3:18:03 pm  Sep 27, 2024)
[info] Project:OP1E, Design:Maxwell3DDesign1 (Magnetostatic), Verify conduction path: Conduction path validate success. (3:18:03 pm  Sep 27, 2024)
[warning] Project:OP1E, Design:Maxwell3DDesign1 (Magnetostatic), Adaptive Passes did not converge based on specified criteria. (3:23:43 pm  Sep 27, 2024)
[info] Project:OP1E, Design:Maxwell3DDesign1 (Magnetostatic), DesignXplorer Analysis is done. (3:23:49 pm  Sep 27, 2024)
[info] Project:OP1E, Design:Maxwell3DDesign1 (Magnetostatic), A variation ($length_between_row='2.75821726769209mm' $move_r='19.765362450853001mm') has been requested using the following machines: Local Machine. (3:24:00 pm  Sep 27, 2024)
[info] Project:OP1E, Design:Maxwell3DDesign1 (Magnetostatic), Verify conduction path: Conduction path validate success. (3:24:00 pm  Sep 27, 2024)
[warning] Project:OP1E, Design:Maxwell3DDesign1 (Magnetostatic), Adaptive Passes did not converge based on specified criteria. (3:29:38 pm  Sep 27, 2024)
[info] Project:OP1E, Design:Maxwell3DDesign1 (Magnetostatic), DesignXplorer Analysis is done. (3:29:43 pm  Sep 27, 2024)
[info] Project:OP1E, Design:Maxwell3DDesign1 (Magnetostatic), A variation ($length_between_row='3.68407934904099mm' $move_r='31.633784640580398mm') has been requested using the following machines: Local Machine. (3:29:55 pm  Sep 27, 2024)
[info] Project:OP1E, Design:Maxwell3DDesign1 (Magnetostatic), Verify conduction path: Conduction path validate success. (3:29:55 pm  Sep 27, 2024)
[warning] Project:OP1E, Design:Maxwell3DDesign1 (Magnetostatic), Adaptive Passes did not converge based on specified criteria. (3:35:31 pm  Sep 27, 2024)
[info] Project:OP1E, Design:Maxwell3DDesign1 (Magnetostatic), DesignXplorer Analysis is done. (3:35:36 pm  Sep 27, 2024)
[info] Project:OP1E, Design:Maxwell3DDesign1 (Magnetostatic), A variation ($length_between_row='4.0780847030691803mm' $move_r='16.829180056229202mm') has been requested using the following machines: Local Machine. (3:35:46 pm  Sep 27, 2024)
[info] Project:OP1E, Design:Maxwell3DDesign1 (Magnetostatic), Verify conduction path: Conduction path validate success. (3:35:47 pm  Sep 27, 2024)
[warning] Project:OP1E, Design:Maxwell3DDesign1 (Magnetostatic), Adaptive Passes did not converge based on specified criteria. (3:41:37 pm  Sep 27, 2024)
[info] Project:OP1E, Design:Maxwell3DDesign1 (Magnetostatic), DesignXplorer Analysis is done. (3:41:43 pm  Sep 27, 2024)
[info] Project:OP1E, Design:Maxwell3DDesign1 (Magnetostatic), A variation ($length_between_row='4.8245231935288801mm' $move_r='30.228125844150799mm') has been requested using the following machines: Local Machine. (3:41:53 pm  Sep 27, 2024)
[info] Project:OP1E, Design:Maxwell3DDesign1 (Magnetostatic), Verify conduction path: Conduction path validate success. (3:41:53 pm  Sep 27, 2024)
[warning] Project:OP1E, Design:Maxwell3DDesign1 (Magnetostatic), Adaptive Passes did not converge based on specified criteria. (3:46:32 pm  Sep 27, 2024)
[info] Project:OP1E, Design:Maxwell3DDesign1 (Magnetostatic), DesignXplorer Analysis is done. (3:46:35 pm  Sep 27, 2024)
[info] Project:OP1E, Design:Maxwell3DDesign1 (Magnetostatic), A variation ($length_between_row='0.97641881555318799mm' $move_r='31.0014182329178mm') has been requested using the following machines: Local Machine. (3:46:40 pm  Sep 27, 2024)
[info] Project:OP1E, Design:Maxwell3DDesign1 (Magnetostatic), Verify conduction path: Conduction path validate success. (3:46:40 pm  Sep 27, 2024)
[warning] Project:OP1E, Design:Maxwell3DDesign1 (Magnetostatic), Adaptive Passes did not converge based on specified criteria. (3:49:18 pm  Sep 27, 2024)
[info] Project:OP1E, Design:Maxwell3DDesign1 (Magnetostatic), DesignXplorer Analysis is done. (3:49:20 pm  Sep 27, 2024)
[info] Project:OP1E, Design:Maxwell3DDesign1 (Magnetostatic), A variation ($length_between_row='4.1421359754167497mm' $move_r='17.722306614741701mm') has been requested using the following machines: Local Machine. (3:49:25 pm  Sep 27, 2024)
[info] Project:OP1E, Design:Maxwell3DDesign1 (Magnetostatic), Verify conduction path: Conduction path validate success. (3:49:26 pm  Sep 27, 2024)
[warning] Project:OP1E, Design:Maxwell3DDesign1 (Magnetostatic), Adaptive Passes did not converge based on specified criteria. (3:52:09 pm  Sep 27, 2024)
[info] Project:OP1E, Design:Maxwell3DDesign1 (Magnetostatic), DesignXplorer Analysis is done. (3:52:11 pm  Sep 27, 2024)
[info] Project:OP1E, Design:Maxwell3DDesign1 (Magnetostatic), A variation ($length_between_row='3.4124080685433mm' $move_r='3.9593841135501897mm') has been requested using the following machines: Local Machine. (3:52:17 pm  Sep 27, 2024)
[info] Project:OP1E, Design:Maxwell3DDesign1 (Magnetostatic), Verify conduction path: Conduction path validate success. (3:52:17 pm  Sep 27, 2024)
[warning] Project:OP1E, Design:Maxwell3DDesign1 (Magnetostatic), Adaptive Passes did not converge based on specified criteria. (3:55:04 pm  Sep 27, 2024)
[info] Project:OP1E, Design:Maxwell3DDesign1 (Magnetostatic), DesignXplorer Analysis is done. (3:55:07 pm  Sep 27, 2024)
[info] Project:OP1E, Design:Maxwell3DDesign1 (Magnetostatic), A variation ($length_between_row='4.14471910567954mm' $move_r='28.039837526157498mm') has been requested using the following machines: Local Machine. (3:55:12 pm  Sep 27, 2024)
[info] Project:OP1E, Design:Maxwell3DDesign1 (Magnetostatic), Verify conduction path: Conduction path validate success. (3:55:12 pm  Sep 27, 2024)
[warning] Project:OP1E, Design:Maxwell3DDesign1 (Magnetostatic), Adaptive Passes did not converge based on specified criteria. (3:57:51 pm  Sep 27, 2024)
[info] Project:OP1E, Design:Maxwell3DDesign1 (Magnetostatic), DesignXplorer Analysis is done. (3:57:53 pm  Sep 27, 2024)
[info] Project:OP1E, Design:Maxwell3DDesign1 (Magnetostatic), A variation ($length_between_row='4.3622480670455799mm' $move_r='7.5051715318113601mm') has been requested using the following machines: Local Machine. (3:57:59 pm  Sep 27, 2024)
[info] Project:OP1E, Design:Maxwell3DDesign1 (Magnetostatic), Verify conduction path: Conduction path validate success. (3:58:00 pm  Sep 27, 2024)
[warning] Project:OP1E, Design:Maxwell3DDesign1 (Magnetostatic), Adaptive Passes did not converge based on specified criteria. (4:00:46 pm  Sep 27, 2024)
[info] Project:OP1E, Design:Maxwell3DDesign1 (Magnetostatic), DesignXplorer Analysis is done. (4:00:49 pm  Sep 27, 2024)
[info] Project:OP1E, Design:Maxwell3DDesign1 (Magnetostatic), A variation ($length_between_row='4.2763242602813998mm' $move_r='25.6304594688118mm') has been requested using the following machines: Local Machine. (4:00:55 pm  Sep 27, 2024)
[info] Project:OP1E, Design:Maxwell3DDesign1 (Magnetostatic), Verify conduction path: Conduction path validate success. (4:00:55 pm  Sep 27, 2024)
[warning] Project:OP1E, Design:Maxwell3DDesign1 (Magnetostatic), Adaptive Passes did not converge based on specified criteria. (4:03:35 pm  Sep 27, 2024)
[info] Project:OP1E, Design:Maxwell3DDesign1 (Magnetostatic), DesignXplorer Analysis is done. (4:03:38 pm  Sep 27, 2024)
[info] Project:OP1E, Design:Maxwell3DDesign1 (Magnetostatic), A variation ($length_between_row='0.24467572686262398mm' $move_r='1.75994239747524mm') has been requested using the following machines: Local Machine. (4:03:44 pm  Sep 27, 2024)
[info] Project:OP1E, Design:Maxwell3DDesign1 (Magnetostatic), Verify conduction path: Conduction path validate success. (4:03:44 pm  Sep 27, 2024)
[info] Project:OP1E, Design:Maxwell3DDesign1 (Magnetostatic), DesignXplorer Analysis is done. (4:06:36 pm  Sep 27, 2024)
[info] Project:OP1E, Design:Maxwell3DDesign1 (Magnetostatic), A variation ($length_between_row='1.72309983288869mm' $move_r='25.3350223787129mm') has been requested using the following machines: Local Machine. (4:06:42 pm  Sep 27, 2024)
[info] Project:OP1E, Design:Maxwell3DDesign1 (Magnetostatic), Verify conduction path: Conduction path validate success. (4:06:42 pm  Sep 27, 2024)
[warning] Project:OP1E, Design:Maxwell3DDesign1 (Magnetostatic), Adaptive Passes did not converge based on specified criteria. (4:09:19 pm  Sep 27, 2024)
[info] Project:OP1E, Design:Maxwell3DDesign1 (Magnetostatic), DesignXplorer Analysis is done. (4:09:22 pm  Sep 27, 2024)
[info] Project:OP1E, Design:Maxwell3DDesign1 (Magnetostatic), A variation ($length_between_row='0.94294540933333304mm' $move_r='20.452954759821299mm') has been requested using the following machines: Local Machine. (4:09:27 pm  Sep 27, 2024)
[info] Project:OP1E, Design:Maxwell3DDesign1 (Magnetostatic), Verify conduction path: Conduction path validate success. (4:09:28 pm  Sep 27, 2024)
[warning] Project:OP1E, Design:Maxwell3DDesign1 (Magnetostatic), Adaptive Passes did not converge based on specified criteria. (4:12:08 pm  Sep 27, 2024)
[info] Project:OP1E, Design:Maxwell3DDesign1 (Magnetostatic), DesignXplorer Analysis is done. (4:12:10 pm  Sep 27, 2024)
[info] Project:OP1E, Design:Maxwell3DDesign1 (Magnetostatic), A variation ($length_between_row='3.3598982391413301mm' $move_r='31.204285928979498mm') has been requested using the following machines: Local Machine. (4:12:16 pm  Sep 27, 2024)
[info] Project:OP1E, Design:Maxwell3DDesign1 (Magnetostatic), Verify conduction path: Conduction path validate success. (4:12:16 pm  Sep 27, 2024)
[warning] Project:OP1E, Design:Maxwell3DDesign1 (Magnetostatic), Adaptive Passes did not converge based on specified criteria. (4:14:54 pm  Sep 27, 2024)
[info] Project:OP1E, Design:Maxwell3DDesign1 (Magnetostatic), DesignXplorer Analysis is done. (4:14:57 pm  Sep 27, 2024)
[info] Project:OP1E, Design:Maxwell3DDesign1 (Magnetostatic), A variation ($length_between_row='0.51807489944621898mm' $move_r='23.336595734581401mm') has been requested using the following machines: Local Machine. (4:15:03 pm  Sep 27, 2024)
[info] Project:OP1E, Design:Maxwell3DDesign1 (Magnetostatic), Verify conduction path: Conduction path validate success. (4:15:03 pm  Sep 27, 2024)
[warning] Project:OP1E, Design:Maxwell3DDesign1 (Magnetostatic), Adaptive Passes did not converge based on specified criteria. (4:17:54 pm  Sep 27, 2024)
[info] Project:OP1E, Design:Maxwell3DDesign1 (Magnetostatic), DesignXplorer Analysis is done. (4:17:56 pm  Sep 27, 2024)
[info] Project:OP1E, Design:Maxwell3DDesign1 (Magnetostatic), A variation ($length_between_row='4.8245231935288801mm' $move_r='22.8905465962739mm') has been requested using the following machines: Local Machine. (4:18:03 pm  Sep 27, 2024)
[info] Project:OP1E, Design:Maxwell3DDesign1 (Magnetostatic), Verify conduction path: Conduction path validate success. (4:18:03 pm  Sep 27, 2024)
[warning] Project:OP1E, Design:Maxwell3DDesign1 (Magnetostatic), Adaptive Passes did not converge based on specified criteria. (4:20:59 pm  Sep 27, 2024)
[info] Project:OP1E, Design:Maxwell3DDesign1 (Magnetostatic), DesignXplorer Analysis is done. (4:21:02 pm  Sep 27, 2024)
[info] Project:OP1E, Design:Maxwell3DDesign1 (Magnetostatic), A variation ($length_between_row='4.9766183531617596mm' $move_r='17.0900779493731mm') has been requested using the following machines: Local Machine. (4:21:08 pm  Sep 27, 2024)
[info] Project:OP1E, Design:Maxwell3DDesign1 (Magnetostatic), Verify conduction path: Conduction path validate success. (4:21:09 pm  Sep 27, 2024)
[warning] Project:OP1E, Design:Maxwell3DDesign1 (Magnetostatic), Adaptive Passes did not converge based on specified criteria. (4:23:54 pm  Sep 27, 2024)
[info] Project:OP1E, Design:Maxwell3DDesign1 (Magnetostatic), DesignXplorer Analysis is done. (4:23:57 pm  Sep 27, 2024)
[info] Project:OP1E, Design:Maxwell3DDesign1 (Magnetostatic), A variation ($length_between_row='3.5968475382231202mm' $move_r='29.434963526313599mm') has been requested using the following machines: Local Machine. (4:24:03 pm  Sep 27, 2024)
[info] Project:OP1E, Design:Maxwell3DDesign1 (Magnetostatic), Verify conduction path: Conduction path validate success. (4:24:04 pm  Sep 27, 2024)
[warning] Project:OP1E, Design:Maxwell3DDesign1 (Magnetostatic), Adaptive Passes did not converge based on specified criteria. (4:26:43 pm  Sep 27, 2024)
[info] Project:OP1E, Design:Maxwell3DDesign1 (Magnetostatic), DesignXplorer Analysis is done. (4:26:45 pm  Sep 27, 2024)
[info] Project:OP1E, Design:Maxwell3DDesign1 (Magnetostatic), A variation ($length_between_row='0mm' $move_r='8.0503499626049209mm') has been requested using the following machines: Local Machine. (4:26:51 pm  Sep 27, 2024)
[info] Project:OP1E, Design:Maxwell3DDesign1 (Magnetostatic), Verify conduction path: Conduction path validate success. (4:26:52 pm  Sep 27, 2024)
[info] Project:OP1E, Design:Maxwell3DDesign1 (Magnetostatic), DesignXplorer Analysis is done. (4:29:20 pm  Sep 27, 2024)
[info] Project:OP1E, Design:Maxwell3DDesign1 (Magnetostatic), A variation ($length_between_row='2.80172039291093mm' $move_r='31.310877759680796mm') has been requested using the following machines: Local Machine. (4:29:24 pm  Sep 27, 2024)
[info] Project:OP1E, Design:Maxwell3DDesign1 (Magnetostatic), Verify conduction path: Conduction path validate success. (4:29:25 pm  Sep 27, 2024)
[warning] Project:OP1E, Design:Maxwell3DDesign1 (Magnetostatic), Adaptive Passes did not converge based on specified criteria. (4:32:04 pm  Sep 27, 2024)
[info] Project:OP1E, Design:Maxwell3DDesign1 (Magnetostatic), DesignXplorer Analysis is done. (4:32:07 pm  Sep 27, 2024)
[info] Project:OP1E, Design:Maxwell3DDesign1 (Magnetostatic), A variation ($length_between_row='3.1604287524374799mm' $move_r='30.090777315415298mm') has been requested using the following machines: Local Machine. (4:32:13 pm  Sep 27, 2024)
[info] Project:OP1E, Design:Maxwell3DDesign1 (Magnetostatic), Verify conduction path: Conduction path validate success. (4:32:14 pm  Sep 27, 2024)
[warning] Project:OP1E, Design:Maxwell3DDesign1 (Magnetostatic), Adaptive Passes did not converge based on specified criteria. (4:35:09 pm  Sep 27, 2024)
[info] Project:OP1E, Design:Maxwell3DDesign1 (Magnetostatic), DesignXplorer Analysis is done. (4:35:12 pm  Sep 27, 2024)
[info] Project:OP1E, Design:Maxwell3DDesign1 (Magnetostatic), A variation ($length_between_row='5mm' $move_r='34.944646938384302mm') has been requested using the following machines: Local Machine. (4:35:19 pm  Sep 27, 2024)
[info] Project:OP1E, Design:Maxwell3DDesign1 (Magnetostatic), Verify conduction path: Conduction path validate success. (4:35:19 pm  Sep 27, 2024)
[warning] Project:OP1E, Design:Maxwell3DDesign1 (Magnetostatic), Adaptive Passes did not converge based on specified criteria. (4:38:15 pm  Sep 27, 2024)
[info] Project:OP1E, Design:Maxwell3DDesign1 (Magnetostatic), DesignXplorer Analysis is done. (4:38:18 pm  Sep 27, 2024)
[info] Project:OP1E, Design:Maxwell3DDesign1 (Magnetostatic), A variation ($length_between_row='2.2232622852158199mm' $move_r='34.942120615567802mm') has been requested using the following machines: Local Machine. (4:38:25 pm  Sep 27, 2024)
[info] Project:OP1E, Design:Maxwell3DDesign1 (Magnetostatic), Verify conduction path: Conduction path validate success. (4:38:25 pm  Sep 27, 2024)
[warning] Project:OP1E, Design:Maxwell3DDesign1 (Magnetostatic), Adaptive Passes did not converge based on specified criteria. (4:41:18 pm  Sep 27, 2024)
[info] Project:OP1E, Design:Maxwell3DDesign1 (Magnetostatic), DesignXplorer Analysis is done. (4:41:20 pm  Sep 27, 2024)
[info] Project:OP1E, Design:Maxwell3DDesign1 (Magnetostatic), A variation ($length_between_row='2.9959213307327399mm' $move_r='29.848409021002102mm') has been requested using the following machines: Local Machine. (4:41:28 pm  Sep 27, 2024)
[info] Project:OP1E, Design:Maxwell3DDesign1 (Magnetostatic), Verify conduction path: Conduction path validate success. (4:41:28 pm  Sep 27, 2024)
[warning] Project:OP1E, Design:Maxwell3DDesign1 (Magnetostatic), Adaptive Passes did not converge based on specified criteria. (4:44:43 pm  Sep 27, 2024)
[info] Project:OP1E, Design:Maxwell3DDesign1 (Magnetostatic), DesignXplorer Analysis is done. (4:44:49 pm  Sep 27, 2024)
[info] Project:OP1E, Design:Maxwell3DDesign1 (Magnetostatic), A variation ($length_between_row='0mm' $move_r='5.1166806463152197mm') has been requested using the following machines: Local Machine. (4:45:05 pm  Sep 27, 2024)
[info] Project:OP1E, Design:Maxwell3DDesign1 (Magnetostatic), Verify conduction path: Conduction path validate success. (4:45:06 pm  Sep 27, 2024)
[info] Project:OP1E, Design:Maxwell3DDesign1 (Magnetostatic), DesignXplorer Analysis is done. (4:50:27 pm  Sep 27, 2024)
[info] Project:OP1E, Design:Maxwell3DDesign1 (Magnetostatic), A variation ($length_between_row='4.3622480670455799mm' $move_r='1.71129485341757mm') has been requested using the following machines: Local Machine. (4:50:32 pm  Sep 27, 2024)
[info] Project:OP1E, Design:Maxwell3DDesign1 (Magnetostatic), Verify conduction path: Conduction path validate success. (4:50:32 pm  Sep 27, 2024)
[warning] Project:OP1E, Design:Maxwell3DDesign1 (Magnetostatic), Adaptive Passes did not converge based on specified criteria. (4:53:23 pm  Sep 27, 2024)
[info] Project:OP1E, Design:Maxwell3DDesign1 (Magnetostatic), DesignXplorer Analysis is done. (4:53:26 pm  Sep 27, 2024)
[info] Project:OP1E, Design:Maxwell3DDesign1 (Magnetostatic), A variation ($length_between_row='4.4069006666037298mm' $move_r='15.636969146807401mm') has been requested using the following machines: Local Machine. (4:53:34 pm  Sep 27, 2024)
[info] Project:OP1E, Design:Maxwell3DDesign1 (Magnetostatic), Verify conduction path: Conduction path validate success. (4:53:34 pm  Sep 27, 2024)
[warning] Project:OP1E, Design:Maxwell3DDesign1 (Magnetostatic), Adaptive Passes did not converge based on specified criteria. (4:56:20 pm  Sep 27, 2024)
[info] Project:OP1E, Design:Maxwell3DDesign1 (Magnetostatic), DesignXplorer Analysis is done. (4:56:22 pm  Sep 27, 2024)
[info] Project:OP1E, Design:Maxwell3DDesign1 (Magnetostatic), A variation ($length_between_row='5mm' $move_r='36.009232965393402mm') has been requested using the following machines: Local Machine. (4:56:29 pm  Sep 27, 2024)
[info] Project:OP1E, Design:Maxwell3DDesign1 (Magnetostatic), Verify conduction path: Conduction path validate success. (4:56:29 pm  Sep 27, 2024)
[warning] Project:OP1E, Design:Maxwell3DDesign1 (Magnetostatic), Adaptive Passes did not converge based on specified criteria. (4:59:09 pm  Sep 27, 2024)
[info] Project:OP1E, Design:Maxwell3DDesign1 (Magnetostatic), DesignXplorer Analysis is done. (4:59:12 pm  Sep 27, 2024)
[info] Project:OP1E, Design:Maxwell3DDesign1 (Magnetostatic), A variation ($length_between_row='0.34983329665450102mm' $move_r='22.892853850973498mm') has been requested using the following machines: Local Machine. (4:59:18 pm  Sep 27, 2024)
[info] Project:OP1E, Design:Maxwell3DDesign1 (Magnetostatic), Verify conduction path: Conduction path validate success. (4:59:19 pm  Sep 27, 2024)
[warning] Project:OP1E, Design:Maxwell3DDesign1 (Magnetostatic), Adaptive Passes did not converge based on specified criteria. (5:02:01 pm  Sep 27, 2024)
[info] Project:OP1E, Design:Maxwell3DDesign1 (Magnetostatic), DesignXplorer Analysis is done. (5:02:04 pm  Sep 27, 2024)
[info] Project:OP1E, Design:Maxwell3DDesign1 (Magnetostatic), A variation ($length_between_row='1.9816530751749399mm' $move_r='17.938141227318901mm') has been requested using the following machines: Local Machine. (5:02:11 pm  Sep 27, 2024)
[info] Project:OP1E, Design:Maxwell3DDesign1 (Magnetostatic), Verify conduction path: Conduction path validate success. (5:02:11 pm  Sep 27, 2024)
[warning] Project:OP1E, Design:Maxwell3DDesign1 (Magnetostatic), Adaptive Passes did not converge based on specified criteria. (5:04:54 pm  Sep 27, 2024)
[info] Project:OP1E, Design:Maxwell3DDesign1 (Magnetostatic), DesignXplorer Analysis is done. (5:04:57 pm  Sep 27, 2024)
[info] Project:OP1E, Design:Maxwell3DDesign1 (Magnetostatic), A variation ($length_between_row='1.8172273938711201mm' $move_r='40mm') has been requested using the following machines: Local Machine. (5:05:05 pm  Sep 27, 2024)
[info] Project:OP1E, Design:Maxwell3DDesign1 (Magnetostatic), Verify conduction path: Conduction path validate success. (5:05:05 pm  Sep 27, 2024)
[warning] Project:OP1E, Design:Maxwell3DDesign1 (Magnetostatic), Adaptive Passes did not converge based on specified criteria. (5:07:41 pm  Sep 27, 2024)
[info] Project:OP1E, Design:Maxwell3DDesign1 (Magnetostatic), DesignXplorer Analysis is done. (5:07:43 pm  Sep 27, 2024)
[info] Project:OP1E, Design:Maxwell3DDesign1 (Magnetostatic), A variation ($length_between_row='4.3949115101724097mm' $move_r='40mm') has been requested using the following machines: Local Machine. (5:07:50 pm  Sep 27, 2024)
[info] Project:OP1E, Design:Maxwell3DDesign1 (Magnetostatic), Verify conduction path: Conduction path validate success. (5:07:50 pm  Sep 27, 2024)
[warning] Project:OP1E, Design:Maxwell3DDesign1 (Magnetostatic), Adaptive Passes did not converge based on specified criteria. (5:10:28 pm  Sep 27, 2024)
[info] Project:OP1E, Design:Maxwell3DDesign1 (Magnetostatic), DesignXplorer Analysis is done. (5:10:31 pm  Sep 27, 2024)
[info] Project:OP1E, Design:Maxwell3DDesign1 (Magnetostatic), A variation ($length_between_row='3.9464264396064705mm' $move_r='5.1837847236578503mm') has been requested using the following machines: Local Machine. (5:10:38 pm  Sep 27, 2024)
[info] Project:OP1E, Design:Maxwell3DDesign1 (Magnetostatic), Verify conduction path: Conduction path validate success. (5:10:38 pm  Sep 27, 2024)
[warning] Project:OP1E, Design:Maxwell3DDesign1 (Magnetostatic), Adaptive Passes did not converge based on specified criteria. (5:13:26 pm  Sep 27, 2024)
[info] Project:OP1E, Design:Maxwell3DDesign1 (Magnetostatic), DesignXplorer Analysis is done. (5:13:29 pm  Sep 27, 2024)
[info] Project:OP1E, Design:Maxwell3DDesign1 (Magnetostatic), A variation ($length_between_row='0.17454942836436099mm' $move_r='10.466494146014201mm') has been requested using the following machines: Local Machine. (5:13:37 pm  Sep 27, 2024)
[info] Project:OP1E, Design:Maxwell3DDesign1 (Magnetostatic), Verify conduction path: Conduction path validate success. (5:13:37 pm  Sep 27, 2024)
[warning] Project:OP1E, Design:Maxwell3DDesign1 (Magnetostatic), Adaptive Passes did not converge based on specified criteria. (5:16:24 pm  Sep 27, 2024)
[info] Project:OP1E, Design:Maxwell3DDesign1 (Magnetostatic), DesignXplorer Analysis is done. (5:16:27 pm  Sep 27, 2024)
[info] Project:OP1E, Design:Maxwell3DDesign1 (Magnetostatic), A variation ($length_between_row='4.6697257159827696mm' $move_r='5.1166806463152197mm') has been requested using the following machines: Local Machine. (5:16:35 pm  Sep 27, 2024)
[info] Project:OP1E, Design:Maxwell3DDesign1 (Magnetostatic), Verify conduction path: Conduction path validate success. (5:16:35 pm  Sep 27, 2024)
[warning] Project:OP1E, Design:Maxwell3DDesign1 (Magnetostatic), Adaptive Passes did not converge based on specified criteria. (5:19:23 pm  Sep 27, 2024)
[info] Project:OP1E, Design:Maxwell3DDesign1 (Magnetostatic), DesignXplorer Analysis is done. (5:19:26 pm  Sep 27, 2024)
[info] Project:OP1E, Design:Maxwell3DDesign1 (Magnetostatic), A variation ($length_between_row='0.52490017246493204mm' $move_r='30.228125844150799mm') has been requested using the following machines: Local Machine. (5:19:33 pm  Sep 27, 2024)
[info] Project:OP1E, Design:Maxwell3DDesign1 (Magnetostatic), Verify conduction path: Conduction path validate success. (5:19:33 pm  Sep 27, 2024)
[warning] Project:OP1E, Design:Maxwell3DDesign1 (Magnetostatic), Adaptive Passes did not converge based on specified criteria. (5:22:18 pm  Sep 27, 2024)
[info] Project:OP1E, Design:Maxwell3DDesign1 (Magnetostatic), DesignXplorer Analysis is done. (5:22:20 pm  Sep 27, 2024)
[info] Project:OP1E, Design:Maxwell3DDesign1 (Magnetostatic), A variation ($length_between_row='4.6613799071901703mm' $move_r='21.727450492847002mm') has been requested using the following machines: Local Machine. (5:22:28 pm  Sep 27, 2024)
[info] Project:OP1E, Design:Maxwell3DDesign1 (Magnetostatic), Verify conduction path: Conduction path validate success. (5:22:29 pm  Sep 27, 2024)
[warning] Project:OP1E, Design:Maxwell3DDesign1 (Magnetostatic), Adaptive Passes did not converge based on specified criteria. (5:25:38 pm  Sep 27, 2024)
[info] Project:OP1E, Design:Maxwell3DDesign1 (Magnetostatic), DesignXplorer Analysis is done. (5:25:41 pm  Sep 27, 2024)
[info] Project:OP1E, Design:Maxwell3DDesign1 (Magnetostatic), A variation ($length_between_row='0mm' $move_r='16.6474504497608mm') has been requested using the following machines: Local Machine. (5:26:27 pm  Sep 27, 2024)
[info] Project:OP1E, Design:Maxwell3DDesign1 (Magnetostatic), Verify conduction path: Conduction path validate success. (5:26:27 pm  Sep 27, 2024)
[warning] Project:OP1E, Design:Maxwell3DDesign1 (Magnetostatic), Adaptive Passes did not converge based on specified criteria. (5:29:08 pm  Sep 27, 2024)
[info] Project:OP1E, Design:Maxwell3DDesign1 (Magnetostatic), DesignXplorer Analysis is done. (5:29:11 pm  Sep 27, 2024)
[info] Project:OP1E, Design:Maxwell3DDesign1 (Magnetostatic), A variation ($length_between_row='3.3021749068052602mm' $move_r='23.202171209883399mm') has been requested using the following machines: Local Machine. (5:29:56 pm  Sep 27, 2024)
[info] Project:OP1E, Design:Maxwell3DDesign1 (Magnetostatic), Verify conduction path: Conduction path validate success. (5:29:56 pm  Sep 27, 2024)
[warning] Project:OP1E, Design:Maxwell3DDesign1 (Magnetostatic), Adaptive Passes did not converge based on specified criteria. (5:32:49 pm  Sep 27, 2024)
[info] Project:OP1E, Design:Maxwell3DDesign1 (Magnetostatic), DesignXplorer Analysis is done. (5:32:52 pm  Sep 27, 2024)
[info] Project:OP1E, Design:Maxwell3DDesign1 (Magnetostatic), A variation ($length_between_row='0.59644286624310405mm' $move_r='34.944646938384302mm') has been requested using the following machines: Local Machine. (7:16:15 pm  Sep 27, 2024)
[warning] Project:OP1E, Design:Maxwell3DDesign1 (Magnetostatic), Com Engine non-responsive since 19:16:15, September 27, 2024. 
 Can be due to CPU intensive processing or network problems. 
 If persisting for long, manually kill the com engine process and restart analysis. Retrying.....  (7:16:49 pm  Sep 27, 2024)
