 
ANSYS Electronics Desktop Version 2020.2.0, Build: 2020-05-28 21:17:40
Location: C:\Program Files\AnsysEM\AnsysEM20.2\Win64\ansysedt.exe
Non Graphical Mode: No Project??
Starting Batch Run: 10:01:23 am  Sep 28, 2024
Running as user: KIAN\kianf
Temp directory: C:\Users\kianf\AppData\Local\Temp
Project directory: C:\Users\kianf\OneDrive\Documents\Ansoft
[info] Project:OP1E, Design:Maxwell3DDesign1 (Magnetostatic), DesignXplorer Analysis on DefaultDesignXplorerSetup has been started. (10:02:01 am  Sep 28, 2024)
[info] Project:OP1E, Design:Maxwell3DDesign1 (Magnetostatic), A variation ($length_between_row='4.2249999999999996mm' $move_r='8.1999999999999993mm') has been requested using the following machines: Local Machine. (10:02:02 am  Sep 28, 2024)
[info] Project:OP1E, Design:Maxwell3DDesign1 (Magnetostatic), Verify conduction path: Conduction path validate success. (10:02:09 am  Sep 28, 2024)
[warning] Project:OP1E, Design:Maxwell3DDesign1 (Magnetostatic), Adaptive Passes did not converge based on specified criteria. (10:04:54 am  Sep 28, 2024)
[info] Project:OP1E, Design:Maxwell3DDesign1 (Magnetostatic), DesignXplorer Analysis is done. (10:04:57 am  Sep 28, 2024)
[info] Project:OP1E, Design:Maxwell3DDesign1 (Magnetostatic), A variation ($length_between_row='1.175mm' $move_r='12.6mm') has been requested using the following machines: Local Machine. (10:05:26 am  Sep 28, 2024)
[info] Project:OP1E, Design:Maxwell3DDesign1 (Magnetostatic), Verify conduction path: Conduction path validate success. (10:05:26 am  Sep 28, 2024)
[warning] Project:OP1E, Design:Maxwell3DDesign1 (Magnetostatic), Adaptive Passes did not converge based on specified criteria. (10:08:10 am  Sep 28, 2024)
[info] Project:OP1E, Design:Maxwell3DDesign1 (Magnetostatic), DesignXplorer Analysis is done. (10:08:13 am  Sep 28, 2024)
[info] Project:OP1E, Design:Maxwell3DDesign1 (Magnetostatic), A variation ($length_between_row='1.425mm' $move_r='3.3999999999999999mm') has been requested using the following machines: Local Machine. (10:08:42 am  Sep 28, 2024)
[info] Project:OP1E, Design:Maxwell3DDesign1 (Magnetostatic), Verify conduction path: Conduction path validate success. (10:08:43 am  Sep 28, 2024)
[warning] Project:OP1E, Design:Maxwell3DDesign1 (Magnetostatic), Adaptive Passes did not converge based on specified criteria. (10:11:37 am  Sep 28, 2024)
[info] Project:OP1E, Design:Maxwell3DDesign1 (Magnetostatic), DesignXplorer Analysis is done. (10:11:40 am  Sep 28, 2024)
[info] Project:OP1E, Design:Maxwell3DDesign1 (Magnetostatic), A variation ($length_between_row='4.9249999999999998mm' $move_r='6.5999999999999996mm') has been requested using the following machines: Local Machine. (10:12:09 am  Sep 28, 2024)
[info] Project:OP1E, Design:Maxwell3DDesign1 (Magnetostatic), Verify conduction path: Conduction path validate success. (10:12:09 am  Sep 28, 2024)
[warning] Project:OP1E, Design:Maxwell3DDesign1 (Magnetostatic), Adaptive Passes did not converge based on specified criteria. (10:15:00 am  Sep 28, 2024)
[info] Project:OP1E, Design:Maxwell3DDesign1 (Magnetostatic), DesignXplorer Analysis is done. (10:15:03 am  Sep 28, 2024)
[info] Project:OP1E, Design:Maxwell3DDesign1 (Magnetostatic), A variation ($length_between_row='0.67500000000000004mm' $move_r='15.800000000000001mm') has been requested using the following machines: Local Machine. (10:15:32 am  Sep 28, 2024)
[info] Project:OP1E, Design:Maxwell3DDesign1 (Magnetostatic), Verify conduction path: Conduction path validate success. (10:15:32 am  Sep 28, 2024)
[warning] Project:OP1E, Design:Maxwell3DDesign1 (Magnetostatic), Adaptive Passes did not converge based on specified criteria. (10:18:14 am  Sep 28, 2024)
[info] Project:OP1E, Design:Maxwell3DDesign1 (Magnetostatic), DesignXplorer Analysis is done. (10:18:16 am  Sep 28, 2024)
[info] Project:OP1E, Design:Maxwell3DDesign1 (Magnetostatic), A variation ($length_between_row='0.32500000000000001mm' $move_r='18.600000000000001mm') has been requested using the following machines: Local Machine. (10:18:46 am  Sep 28, 2024)
[info] Project:OP1E, Design:Maxwell3DDesign1 (Magnetostatic), Verify conduction path: Conduction path validate success. (10:18:46 am  Sep 28, 2024)
[warning] Project:OP1E, Design:Maxwell3DDesign1 (Magnetostatic), Adaptive Passes did not converge based on specified criteria. (10:21:25 am  Sep 28, 2024)
[info] Project:OP1E, Design:Maxwell3DDesign1 (Magnetostatic), DesignXplorer Analysis is done. (10:21:27 am  Sep 28, 2024)
[info] Project:OP1E, Design:Maxwell3DDesign1 (Magnetostatic), A variation ($length_between_row='0.375mm' $move_r='33.399999999999999mm') has been requested using the following machines: Local Machine. (10:21:57 am  Sep 28, 2024)
[info] Project:OP1E, Design:Maxwell3DDesign1 (Magnetostatic), Verify conduction path: Conduction path validate success. (10:21:57 am  Sep 28, 2024)
[warning] Project:OP1E, Design:Maxwell3DDesign1 (Magnetostatic), Adaptive Passes did not converge based on specified criteria. (10:24:33 am  Sep 28, 2024)
[info] Project:OP1E, Design:Maxwell3DDesign1 (Magnetostatic), DesignXplorer Analysis is done. (10:24:35 am  Sep 28, 2024)
[info] Project:OP1E, Design:Maxwell3DDesign1 (Magnetostatic), A variation ($length_between_row='3.4750000000000001mm' $move_r='5.7999999999999998mm') has been requested using the following machines: Local Machine. (10:25:05 am  Sep 28, 2024)
[info] Project:OP1E, Design:Maxwell3DDesign1 (Magnetostatic), Verify conduction path: Conduction path validate success. (10:25:05 am  Sep 28, 2024)
[warning] Project:OP1E, Design:Maxwell3DDesign1 (Magnetostatic), Adaptive Passes did not converge based on specified criteria. (10:27:49 am  Sep 28, 2024)
[info] Project:OP1E, Design:Maxwell3DDesign1 (Magnetostatic), DesignXplorer Analysis is done. (10:27:51 am  Sep 28, 2024)
[info] Project:OP1E, Design:Maxwell3DDesign1 (Magnetostatic), A variation ($length_between_row='1.825mm' $move_r='37.399999999999999mm') has been requested using the following machines: Local Machine. (10:28:21 am  Sep 28, 2024)
[info] Project:OP1E, Design:Maxwell3DDesign1 (Magnetostatic), Verify conduction path: Conduction path validate success. (10:28:21 am  Sep 28, 2024)
[warning] Project:OP1E, Design:Maxwell3DDesign1 (Magnetostatic), Adaptive Passes did not converge based on specified criteria. (10:30:56 am  Sep 28, 2024)
[info] Project:OP1E, Design:Maxwell3DDesign1 (Magnetostatic), DesignXplorer Analysis is done. (10:30:58 am  Sep 28, 2024)
[info] Project:OP1E, Design:Maxwell3DDesign1 (Magnetostatic), A variation ($length_between_row='4.2750000000000004mm' $move_r='33.799999999999997mm') has been requested using the following machines: Local Machine. (10:31:27 am  Sep 28, 2024)
[info] Project:OP1E, Design:Maxwell3DDesign1 (Magnetostatic), Verify conduction path: Conduction path validate success. (10:31:28 am  Sep 28, 2024)
[warning] Project:OP1E, Design:Maxwell3DDesign1 (Magnetostatic), Adaptive Passes did not converge based on specified criteria. (10:34:11 am  Sep 28, 2024)
[info] Project:OP1E, Design:Maxwell3DDesign1 (Magnetostatic), DesignXplorer Analysis is done. (10:34:14 am  Sep 28, 2024)
[info] Project:OP1E, Design:Maxwell3DDesign1 (Magnetostatic), A variation ($length_between_row='0.075000000000000205mm' $move_r='4.2000000000000002mm') has been requested using the following machines: Local Machine. (10:34:44 am  Sep 28, 2024)
[info] Project:OP1E, Design:Maxwell3DDesign1 (Magnetostatic), Verify conduction path: Conduction path validate success. (10:34:44 am  Sep 28, 2024)
[info] Project:OP1E, Design:Maxwell3DDesign1 (Magnetostatic), DesignXplorer Analysis is done. (10:37:51 am  Sep 28, 2024)
[info] Project:OP1E, Design:Maxwell3DDesign1 (Magnetostatic), A variation ($length_between_row='0.52500000000000002mm' $move_r='1mm') has been requested using the following machines: Local Machine. (10:38:22 am  Sep 28, 2024)
[info] Project:OP1E, Design:Maxwell3DDesign1 (Magnetostatic), Verify conduction path: Conduction path validate success. (10:38:22 am  Sep 28, 2024)
[warning] Project:OP1E, Design:Maxwell3DDesign1 (Magnetostatic), Adaptive Passes did not converge based on specified criteria. (10:41:19 am  Sep 28, 2024)
[info] Project:OP1E, Design:Maxwell3DDesign1 (Magnetostatic), DesignXplorer Analysis is done. (10:41:22 am  Sep 28, 2024)
[info] Project:OP1E, Design:Maxwell3DDesign1 (Magnetostatic), A variation ($length_between_row='4.9749999999999996mm' $move_r='23mm') has been requested using the following machines: Local Machine. (10:41:54 am  Sep 28, 2024)
[info] Project:OP1E, Design:Maxwell3DDesign1 (Magnetostatic), Verify conduction path: Conduction path validate success. (10:41:54 am  Sep 28, 2024)
[warning] Project:OP1E, Design:Maxwell3DDesign1 (Magnetostatic), Adaptive Passes did not converge based on specified criteria. (10:44:45 am  Sep 28, 2024)
[info] Project:OP1E, Design:Maxwell3DDesign1 (Magnetostatic), DesignXplorer Analysis is done. (10:44:48 am  Sep 28, 2024)
[info] Project:OP1E, Design:Maxwell3DDesign1 (Magnetostatic), A variation ($length_between_row='2.5750000000000002mm' $move_r='5mm') has been requested using the following machines: Local Machine. (10:45:20 am  Sep 28, 2024)
[info] Project:OP1E, Design:Maxwell3DDesign1 (Magnetostatic), Verify conduction path: Conduction path validate success. (10:45:20 am  Sep 28, 2024)
[warning] Project:OP1E, Design:Maxwell3DDesign1 (Magnetostatic), Adaptive Passes did not converge based on specified criteria. (10:48:11 am  Sep 28, 2024)
[info] Project:OP1E, Design:Maxwell3DDesign1 (Magnetostatic), DesignXplorer Analysis is done. (10:48:13 am  Sep 28, 2024)
[info] Project:OP1E, Design:Maxwell3DDesign1 (Magnetostatic), A variation ($length_between_row='1.075mm' $move_r='2.2000000000000002mm') has been requested using the following machines: Local Machine. (10:48:44 am  Sep 28, 2024)
[info] Project:OP1E, Design:Maxwell3DDesign1 (Magnetostatic), Verify conduction path: Conduction path validate success. (10:48:44 am  Sep 28, 2024)
[warning] Project:OP1E, Design:Maxwell3DDesign1 (Magnetostatic), Adaptive Passes did not converge based on specified criteria. (10:51:27 am  Sep 28, 2024)
[info] Project:OP1E, Design:Maxwell3DDesign1 (Magnetostatic), DesignXplorer Analysis is done. (10:51:30 am  Sep 28, 2024)
[info] Project:OP1E, Design:Maxwell3DDesign1 (Magnetostatic), A variation ($length_between_row='4.375mm' $move_r='4.5999999999999996mm') has been requested using the following machines: Local Machine. (10:52:00 am  Sep 28, 2024)
[info] Project:OP1E, Design:Maxwell3DDesign1 (Magnetostatic), Verify conduction path: Conduction path validate success. (10:52:00 am  Sep 28, 2024)
[warning] Project:OP1E, Design:Maxwell3DDesign1 (Magnetostatic), Adaptive Passes did not converge based on specified criteria. (10:54:47 am  Sep 28, 2024)
[info] Project:OP1E, Design:Maxwell3DDesign1 (Magnetostatic), DesignXplorer Analysis is done. (10:54:50 am  Sep 28, 2024)
[info] Project:OP1E, Design:Maxwell3DDesign1 (Magnetostatic), A variation ($length_between_row='2.5249999999999999mm' $move_r='27.399999999999999mm') has been requested using the following machines: Local Machine. (10:55:21 am  Sep 28, 2024)
[info] Project:OP1E, Design:Maxwell3DDesign1 (Magnetostatic), Verify conduction path: Conduction path validate success. (10:55:21 am  Sep 28, 2024)
[warning] Project:OP1E, Design:Maxwell3DDesign1 (Magnetostatic), Adaptive Passes did not converge based on specified criteria. (10:57:57 am  Sep 28, 2024)
[info] Project:OP1E, Design:Maxwell3DDesign1 (Magnetostatic), DesignXplorer Analysis is done. (10:57:59 am  Sep 28, 2024)
[info] Project:OP1E, Design:Maxwell3DDesign1 (Magnetostatic), A variation ($length_between_row='4.7750000000000004mm' $move_r='27mm') has been requested using the following machines: Local Machine. (10:58:29 am  Sep 28, 2024)
[info] Project:OP1E, Design:Maxwell3DDesign1 (Magnetostatic), Verify conduction path: Conduction path validate success. (10:58:29 am  Sep 28, 2024)
[warning] Project:OP1E, Design:Maxwell3DDesign1 (Magnetostatic), Adaptive Passes did not converge based on specified criteria. (11:01:06 am  Sep 28, 2024)
[info] Project:OP1E, Design:Maxwell3DDesign1 (Magnetostatic), DesignXplorer Analysis is done. (11:01:09 am  Sep 28, 2024)
[info] Project:OP1E, Design:Maxwell3DDesign1 (Magnetostatic), A variation ($length_between_row='3.4249999999999998mm' $move_r='37mm') has been requested using the following machines: Local Machine. (11:01:40 am  Sep 28, 2024)
[info] Project:OP1E, Design:Maxwell3DDesign1 (Magnetostatic), Verify conduction path: Conduction path validate success. (11:01:40 am  Sep 28, 2024)
[warning] Project:OP1E, Design:Maxwell3DDesign1 (Magnetostatic), Adaptive Passes did not converge based on specified criteria. (11:04:15 am  Sep 28, 2024)
[info] Project:OP1E, Design:Maxwell3DDesign1 (Magnetostatic), DesignXplorer Analysis is done. (11:04:17 am  Sep 28, 2024)
[info] Project:OP1E, Design:Maxwell3DDesign1 (Magnetostatic), A variation ($length_between_row='1.125mm' $move_r='39.799999999999997mm') has been requested using the following machines: Local Machine. (11:04:48 am  Sep 28, 2024)
[info] Project:OP1E, Design:Maxwell3DDesign1 (Magnetostatic), Verify conduction path: Conduction path validate success. (11:04:48 am  Sep 28, 2024)
[warning] Project:OP1E, Design:Maxwell3DDesign1 (Magnetostatic), Adaptive Passes did not converge based on specified criteria. (11:07:21 am  Sep 28, 2024)
[info] Project:OP1E, Design:Maxwell3DDesign1 (Magnetostatic), DesignXplorer Analysis is done. (11:07:23 am  Sep 28, 2024)
[info] Project:OP1E, Design:Maxwell3DDesign1 (Magnetostatic), A variation ($length_between_row='1.575mm' $move_r='25.800000000000001mm') has been requested using the following machines: Local Machine. (11:07:54 am  Sep 28, 2024)
[info] Project:OP1E, Design:Maxwell3DDesign1 (Magnetostatic), Verify conduction path: Conduction path validate success. (11:07:54 am  Sep 28, 2024)
[warning] Project:OP1E, Design:Maxwell3DDesign1 (Magnetostatic), Adaptive Passes did not converge based on specified criteria. (11:10:29 am  Sep 28, 2024)
[info] Project:OP1E, Design:Maxwell3DDesign1 (Magnetostatic), DesignXplorer Analysis is done. (11:10:32 am  Sep 28, 2024)
[info] Project:OP1E, Design:Maxwell3DDesign1 (Magnetostatic), A variation ($length_between_row='0.27500000000000002mm' $move_r='11mm') has been requested using the following machines: Local Machine. (11:11:02 am  Sep 28, 2024)
[info] Project:OP1E, Design:Maxwell3DDesign1 (Magnetostatic), Verify conduction path: Conduction path validate success. (11:11:03 am  Sep 28, 2024)
[warning] Project:OP1E, Design:Maxwell3DDesign1 (Magnetostatic), Adaptive Passes did not converge based on specified criteria. (11:13:44 am  Sep 28, 2024)
[info] Project:OP1E, Design:Maxwell3DDesign1 (Magnetostatic), DesignXplorer Analysis is done. (11:13:47 am  Sep 28, 2024)
[info] Project:OP1E, Design:Maxwell3DDesign1 (Magnetostatic), A variation ($length_between_row='1.0249999999999999mm' $move_r='25mm') has been requested using the following machines: Local Machine. (11:14:18 am  Sep 28, 2024)
[info] Project:OP1E, Design:Maxwell3DDesign1 (Magnetostatic), Verify conduction path: Conduction path validate success. (11:14:18 am  Sep 28, 2024)
[warning] Project:OP1E, Design:Maxwell3DDesign1 (Magnetostatic), Adaptive Passes did not converge based on specified criteria. (11:16:52 am  Sep 28, 2024)
[info] Project:OP1E, Design:Maxwell3DDesign1 (Magnetostatic), DesignXplorer Analysis is done. (11:16:55 am  Sep 28, 2024)
[info] Project:OP1E, Design:Maxwell3DDesign1 (Magnetostatic), A variation ($length_between_row='3.5750000000000002mm' $move_r='12.199999999999999mm') has been requested using the following machines: Local Machine. (11:17:26 am  Sep 28, 2024)
[info] Project:OP1E, Design:Maxwell3DDesign1 (Magnetostatic), Verify conduction path: Conduction path validate success. (11:17:26 am  Sep 28, 2024)
[warning] Project:OP1E, Design:Maxwell3DDesign1 (Magnetostatic), Adaptive Passes did not converge based on specified criteria. (11:20:26 am  Sep 28, 2024)
[info] Project:OP1E, Design:Maxwell3DDesign1 (Magnetostatic), DesignXplorer Analysis is done. (11:20:29 am  Sep 28, 2024)
[info] Project:OP1E, Design:Maxwell3DDesign1 (Magnetostatic), A variation ($length_between_row='1.675mm' $move_r='32.200000000000003mm') has been requested using the following machines: Local Machine. (11:21:01 am  Sep 28, 2024)
[info] Project:OP1E, Design:Maxwell3DDesign1 (Magnetostatic), Verify conduction path: Conduction path validate success. (11:21:01 am  Sep 28, 2024)
[warning] Project:OP1E, Design:Maxwell3DDesign1 (Magnetostatic), Adaptive Passes did not converge based on specified criteria. (11:23:54 am  Sep 28, 2024)
[info] Project:OP1E, Design:Maxwell3DDesign1 (Magnetostatic), DesignXplorer Analysis is done. (11:23:57 am  Sep 28, 2024)
[info] Project:OP1E, Design:Maxwell3DDesign1 (Magnetostatic), A variation ($length_between_row='3.1749999999999998mm' $move_r='22.199999999999999mm') has been requested using the following machines: Local Machine. (11:24:28 am  Sep 28, 2024)
[info] Project:OP1E, Design:Maxwell3DDesign1 (Magnetostatic), Verify conduction path: Conduction path validate success. (11:24:28 am  Sep 28, 2024)
[warning] Project:OP1E, Design:Maxwell3DDesign1 (Magnetostatic), Adaptive Passes did not converge based on specified criteria. (11:27:26 am  Sep 28, 2024)
[info] Project:OP1E, Design:Maxwell3DDesign1 (Magnetostatic), DesignXplorer Analysis is done. (11:27:29 am  Sep 28, 2024)
[info] Project:OP1E, Design:Maxwell3DDesign1 (Magnetostatic), A variation ($length_between_row='3.7250000000000001mm' $move_r='3mm') has been requested using the following machines: Local Machine. (11:28:00 am  Sep 28, 2024)
[info] Project:OP1E, Design:Maxwell3DDesign1 (Magnetostatic), Verify conduction path: Conduction path validate success. (11:28:00 am  Sep 28, 2024)
[warning] Project:OP1E, Design:Maxwell3DDesign1 (Magnetostatic), Adaptive Passes did not converge based on specified criteria. (11:31:06 am  Sep 28, 2024)
[info] Project:OP1E, Design:Maxwell3DDesign1 (Magnetostatic), DesignXplorer Analysis is done. (11:31:09 am  Sep 28, 2024)
[info] Project:OP1E, Design:Maxwell3DDesign1 (Magnetostatic), A variation ($length_between_row='0.57499999999999996mm' $move_r='21mm') has been requested using the following machines: Local Machine. (11:31:42 am  Sep 28, 2024)
[info] Project:OP1E, Design:Maxwell3DDesign1 (Magnetostatic), Verify conduction path: Conduction path validate success. (11:31:42 am  Sep 28, 2024)
[warning] Project:OP1E, Design:Maxwell3DDesign1 (Magnetostatic), Adaptive Passes did not converge based on specified criteria. (11:34:25 am  Sep 28, 2024)
[info] Project:OP1E, Design:Maxwell3DDesign1 (Magnetostatic), DesignXplorer Analysis is done. (11:34:27 am  Sep 28, 2024)
[info] Project:OP1E, Design:Maxwell3DDesign1 (Magnetostatic), A variation ($length_between_row='1.375mm' $move_r='19.800000000000001mm') has been requested using the following machines: Local Machine. (11:34:58 am  Sep 28, 2024)
[info] Project:OP1E, Design:Maxwell3DDesign1 (Magnetostatic), Verify conduction path: Conduction path validate success. (11:34:58 am  Sep 28, 2024)
[warning] Project:OP1E, Design:Maxwell3DDesign1 (Magnetostatic), Adaptive Passes did not converge based on specified criteria. (11:37:36 am  Sep 28, 2024)
[info] Project:OP1E, Design:Maxwell3DDesign1 (Magnetostatic), DesignXplorer Analysis is done. (11:37:39 am  Sep 28, 2024)
[info] Project:OP1E, Design:Maxwell3DDesign1 (Magnetostatic), A variation ($length_between_row='3.7749999999999999mm' $move_r='36.200000000000003mm') has been requested using the following machines: Local Machine. (11:38:10 am  Sep 28, 2024)
[info] Project:OP1E, Design:Maxwell3DDesign1 (Magnetostatic), Verify conduction path: Conduction path validate success. (11:38:10 am  Sep 28, 2024)
[warning] Project:OP1E, Design:Maxwell3DDesign1 (Magnetostatic), Adaptive Passes did not converge based on specified criteria. (11:40:48 am  Sep 28, 2024)
[info] Project:OP1E, Design:Maxwell3DDesign1 (Magnetostatic), DesignXplorer Analysis is done. (11:40:51 am  Sep 28, 2024)
[info] Project:OP1E, Design:Maxwell3DDesign1 (Magnetostatic), A variation ($length_between_row='3.3250000000000002mm' $move_r='3.7999999999999998mm') has been requested using the following machines: Local Machine. (11:41:22 am  Sep 28, 2024)
[info] Project:OP1E, Design:Maxwell3DDesign1 (Magnetostatic), Verify conduction path: Conduction path validate success. (11:41:22 am  Sep 28, 2024)
[warning] Project:OP1E, Design:Maxwell3DDesign1 (Magnetostatic), Adaptive Passes did not converge based on specified criteria. (11:44:07 am  Sep 28, 2024)
[info] Project:OP1E, Design:Maxwell3DDesign1 (Magnetostatic), DesignXplorer Analysis is done. (11:44:10 am  Sep 28, 2024)
[info] Project:OP1E, Design:Maxwell3DDesign1 (Magnetostatic), A variation ($length_between_row='4.7249999999999996mm' $move_r='1.8mm') has been requested using the following machines: Local Machine. (11:44:41 am  Sep 28, 2024)
[info] Project:OP1E, Design:Maxwell3DDesign1 (Magnetostatic), Verify conduction path: Conduction path validate success. (11:44:41 am  Sep 28, 2024)
[warning] Project:OP1E, Design:Maxwell3DDesign1 (Magnetostatic), Adaptive Passes did not converge based on specified criteria. (11:47:25 am  Sep 28, 2024)
[info] Project:OP1E, Design:Maxwell3DDesign1 (Magnetostatic), DesignXplorer Analysis is done. (11:47:28 am  Sep 28, 2024)
[info] Project:OP1E, Design:Maxwell3DDesign1 (Magnetostatic), A variation ($length_between_row='2.1749999999999998mm' $move_r='8.5999999999999996mm') has been requested using the following machines: Local Machine. (11:47:59 am  Sep 28, 2024)
[info] Project:OP1E, Design:Maxwell3DDesign1 (Magnetostatic), Verify conduction path: Conduction path validate success. (11:47:59 am  Sep 28, 2024)
[warning] Project:OP1E, Design:Maxwell3DDesign1 (Magnetostatic), Adaptive Passes did not converge based on specified criteria. (11:50:41 am  Sep 28, 2024)
[info] Project:OP1E, Design:Maxwell3DDesign1 (Magnetostatic), DesignXplorer Analysis is done. (11:50:44 am  Sep 28, 2024)
[info] Project:OP1E, Design:Maxwell3DDesign1 (Magnetostatic), A variation ($length_between_row='4.3250000000000002mm' $move_r='18.199999999999999mm') has been requested using the following machines: Local Machine. (11:51:15 am  Sep 28, 2024)
[info] Project:OP1E, Design:Maxwell3DDesign1 (Magnetostatic), Verify conduction path: Conduction path validate success. (11:51:16 am  Sep 28, 2024)
[warning] Project:OP1E, Design:Maxwell3DDesign1 (Magnetostatic), Adaptive Passes did not converge based on specified criteria. (11:53:52 am  Sep 28, 2024)
[info] Project:OP1E, Design:Maxwell3DDesign1 (Magnetostatic), DesignXplorer Analysis is done. (11:53:55 am  Sep 28, 2024)
[info] Project:OP1E, Design:Maxwell3DDesign1 (Magnetostatic), A variation ($length_between_row='2.8250000000000002mm' $move_r='33mm') has been requested using the following machines: Local Machine. (11:54:27 am  Sep 28, 2024)
[info] Project:OP1E, Design:Maxwell3DDesign1 (Magnetostatic), Verify conduction path: Conduction path validate success. (11:54:27 am  Sep 28, 2024)
[warning] Project:OP1E, Design:Maxwell3DDesign1 (Magnetostatic), Adaptive Passes did not converge based on specified criteria. (11:57:02 am  Sep 28, 2024)
[info] Project:OP1E, Design:Maxwell3DDesign1 (Magnetostatic), DesignXplorer Analysis is done. (11:57:05 am  Sep 28, 2024)
[info] Project:OP1E, Design:Maxwell3DDesign1 (Magnetostatic), A variation ($length_between_row='4.8250000000000002mm' $move_r='13mm') has been requested using the following machines: Local Machine. (11:57:36 am  Sep 28, 2024)
[info] Project:OP1E, Design:Maxwell3DDesign1 (Magnetostatic), Verify conduction path: Conduction path validate success. (11:57:37 am  Sep 28, 2024)
[warning] Project:OP1E, Design:Maxwell3DDesign1 (Magnetostatic), Adaptive Passes did not converge based on specified criteria. (12:00:17 pm  Sep 28, 2024)
[info] Project:OP1E, Design:Maxwell3DDesign1 (Magnetostatic), DesignXplorer Analysis is done. (12:00:19 pm  Sep 28, 2024)
[info] Project:OP1E, Design:Maxwell3DDesign1 (Magnetostatic), A variation ($length_between_row='2.7749999999999999mm' $move_r='24.600000000000001mm') has been requested using the following machines: Local Machine. (12:00:51 pm  Sep 28, 2024)
[info] Project:OP1E, Design:Maxwell3DDesign1 (Magnetostatic), Verify conduction path: Conduction path validate success. (12:00:51 pm  Sep 28, 2024)
[warning] Project:OP1E, Design:Maxwell3DDesign1 (Magnetostatic), Adaptive Passes did not converge based on specified criteria. (12:03:34 pm  Sep 28, 2024)
[info] Project:OP1E, Design:Maxwell3DDesign1 (Magnetostatic), DesignXplorer Analysis is done. (12:03:37 pm  Sep 28, 2024)
[info] Project:OP1E, Design:Maxwell3DDesign1 (Magnetostatic), A variation ($length_between_row='3.0249999999999999mm' $move_r='11.4mm') has been requested using the following machines: Local Machine. (12:04:10 pm  Sep 28, 2024)
[info] Project:OP1E, Design:Maxwell3DDesign1 (Magnetostatic), Verify conduction path: Conduction path validate success. (12:04:10 pm  Sep 28, 2024)
[warning] Project:OP1E, Design:Maxwell3DDesign1 (Magnetostatic), Adaptive Passes did not converge based on specified criteria. (12:07:12 pm  Sep 28, 2024)
[info] Project:OP1E, Design:Maxwell3DDesign1 (Magnetostatic), DesignXplorer Analysis is done. (12:07:15 pm  Sep 28, 2024)
[info] Project:OP1E, Design:Maxwell3DDesign1 (Magnetostatic), A variation ($length_between_row='3.5249999999999999mm' $move_r='19.399999999999999mm') has been requested using the following machines: Local Machine. (12:07:50 pm  Sep 28, 2024)
[info] Project:OP1E, Design:Maxwell3DDesign1 (Magnetostatic), Verify conduction path: Conduction path validate success. (12:07:50 pm  Sep 28, 2024)
[warning] Project:OP1E, Design:Maxwell3DDesign1 (Magnetostatic), Adaptive Passes did not converge based on specified criteria. (12:10:46 pm  Sep 28, 2024)
[info] Project:OP1E, Design:Maxwell3DDesign1 (Magnetostatic), DesignXplorer Analysis is done. (12:10:49 pm  Sep 28, 2024)
[info] Project:OP1E, Design:Maxwell3DDesign1 (Magnetostatic), A variation ($length_between_row='1.875mm' $move_r='21.800000000000001mm') has been requested using the following machines: Local Machine. (12:11:21 pm  Sep 28, 2024)
[info] Project:OP1E, Design:Maxwell3DDesign1 (Magnetostatic), Verify conduction path: Conduction path validate success. (12:11:22 pm  Sep 28, 2024)
[warning] Project:OP1E, Design:Maxwell3DDesign1 (Magnetostatic), Adaptive Passes did not converge based on specified criteria. (12:14:17 pm  Sep 28, 2024)
[info] Project:OP1E, Design:Maxwell3DDesign1 (Magnetostatic), DesignXplorer Analysis is done. (12:14:20 pm  Sep 28, 2024)
[info] Project:OP1E, Design:Maxwell3DDesign1 (Magnetostatic), A variation ($length_between_row='2.4249999999999998mm' $move_r='31mm') has been requested using the following machines: Local Machine. (12:14:53 pm  Sep 28, 2024)
[info] Project:OP1E, Design:Maxwell3DDesign1 (Magnetostatic), Verify conduction path: Conduction path validate success. (12:14:53 pm  Sep 28, 2024)
[warning] Project:OP1E, Design:Maxwell3DDesign1 (Magnetostatic), Adaptive Passes did not converge based on specified criteria. (12:17:47 pm  Sep 28, 2024)
[info] Project:OP1E, Design:Maxwell3DDesign1 (Magnetostatic), DesignXplorer Analysis is done. (12:17:51 pm  Sep 28, 2024)
[info] Project:OP1E, Design:Maxwell3DDesign1 (Magnetostatic), A variation ($length_between_row='4.5250000000000004mm' $move_r='10.6mm') has been requested using the following machines: Local Machine. (12:18:25 pm  Sep 28, 2024)
[info] Project:OP1E, Design:Maxwell3DDesign1 (Magnetostatic), Verify conduction path: Conduction path validate success. (12:18:25 pm  Sep 28, 2024)
[warning] Project:OP1E, Design:Maxwell3DDesign1 (Magnetostatic), Adaptive Passes did not converge based on specified criteria. (12:21:26 pm  Sep 28, 2024)
[info] Project:OP1E, Design:Maxwell3DDesign1 (Magnetostatic), DesignXplorer Analysis is done. (12:21:29 pm  Sep 28, 2024)
[info] Project:OP1E, Design:Maxwell3DDesign1 (Magnetostatic), A variation ($length_between_row='0.125mm' $move_r='36.600000000000001mm') has been requested using the following machines: Local Machine. (12:22:03 pm  Sep 28, 2024)
[info] Project:OP1E, Design:Maxwell3DDesign1 (Magnetostatic), Verify conduction path: Conduction path validate success. (12:22:03 pm  Sep 28, 2024)
[warning] Project:OP1E, Design:Maxwell3DDesign1 (Magnetostatic), Adaptive Passes did not converge based on specified criteria. (12:24:55 pm  Sep 28, 2024)
[info] Project:OP1E, Design:Maxwell3DDesign1 (Magnetostatic), DesignXplorer Analysis is done. (12:24:58 pm  Sep 28, 2024)
[info] Project:OP1E, Design:Maxwell3DDesign1 (Magnetostatic), A variation ($length_between_row='0.625mm' $move_r='38.200000000000003mm') has been requested using the following machines: Local Machine. (12:25:32 pm  Sep 28, 2024)
[info] Project:OP1E, Design:Maxwell3DDesign1 (Magnetostatic), Verify conduction path: Conduction path validate success. (12:25:33 pm  Sep 28, 2024)
[warning] Project:OP1E, Design:Maxwell3DDesign1 (Magnetostatic), Adaptive Passes did not converge based on specified criteria. (12:28:25 pm  Sep 28, 2024)
[info] Project:OP1E, Design:Maxwell3DDesign1 (Magnetostatic), DesignXplorer Analysis is done. (12:28:28 pm  Sep 28, 2024)
[info] Project:OP1E, Design:Maxwell3DDesign1 (Magnetostatic), A variation ($length_between_row='1.2749999999999999mm' $move_r='7.7999999999999998mm') has been requested using the following machines: Local Machine. (12:29:02 pm  Sep 28, 2024)
[info] Project:OP1E, Design:Maxwell3DDesign1 (Magnetostatic), Verify conduction path: Conduction path validate success. (12:29:02 pm  Sep 28, 2024)
[warning] Project:OP1E, Design:Maxwell3DDesign1 (Magnetostatic), Adaptive Passes did not converge based on specified criteria. (12:32:03 pm  Sep 28, 2024)
[info] Project:OP1E, Design:Maxwell3DDesign1 (Magnetostatic), DesignXplorer Analysis is done. (12:32:07 pm  Sep 28, 2024)
[info] Project:OP1E, Design:Maxwell3DDesign1 (Magnetostatic), A variation ($length_between_row='4.6749999999999998mm' $move_r='31.800000000000001mm') has been requested using the following machines: Local Machine. (12:32:40 pm  Sep 28, 2024)
[info] Project:OP1E, Design:Maxwell3DDesign1 (Magnetostatic), Verify conduction path: Conduction path validate success. (12:32:40 pm  Sep 28, 2024)
[warning] Project:OP1E, Design:Maxwell3DDesign1 (Magnetostatic), Adaptive Passes did not converge based on specified criteria. (12:35:36 pm  Sep 28, 2024)
[info] Project:OP1E, Design:Maxwell3DDesign1 (Magnetostatic), DesignXplorer Analysis is done. (12:35:39 pm  Sep 28, 2024)
[info] Project:OP1E, Design:Maxwell3DDesign1 (Magnetostatic), A variation ($length_between_row='1.4750000000000001mm' $move_r='35.799999999999997mm') has been requested using the following machines: Local Machine. (12:36:14 pm  Sep 28, 2024)
[info] Project:OP1E, Design:Maxwell3DDesign1 (Magnetostatic), Verify conduction path: Conduction path validate success. (12:36:14 pm  Sep 28, 2024)
[warning] Project:OP1E, Design:Maxwell3DDesign1 (Magnetostatic), Adaptive Passes did not converge based on specified criteria. (12:39:08 pm  Sep 28, 2024)
[info] Project:OP1E, Design:Maxwell3DDesign1 (Magnetostatic), DesignXplorer Analysis is done. (12:39:11 pm  Sep 28, 2024)
[info] Project:OP1E, Design:Maxwell3DDesign1 (Magnetostatic), A variation ($length_between_row='3.2250000000000001mm' $move_r='15mm') has been requested using the following machines: Local Machine. (12:39:45 pm  Sep 28, 2024)
[info] Project:OP1E, Design:Maxwell3DDesign1 (Magnetostatic), Verify conduction path: Conduction path validate success. (12:39:45 pm  Sep 28, 2024)
[warning] Project:OP1E, Design:Maxwell3DDesign1 (Magnetostatic), Adaptive Passes did not converge based on specified criteria. (12:42:45 pm  Sep 28, 2024)
[info] Project:OP1E, Design:Maxwell3DDesign1 (Magnetostatic), DesignXplorer Analysis is done. (12:42:48 pm  Sep 28, 2024)
[info] Project:OP1E, Design:Maxwell3DDesign1 (Magnetostatic), A variation ($length_between_row='4.0750000000000002mm' $move_r='39.399999999999999mm') has been requested using the following machines: Local Machine. (12:43:23 pm  Sep 28, 2024)
[info] Project:OP1E, Design:Maxwell3DDesign1 (Magnetostatic), Verify conduction path: Conduction path validate success. (12:43:23 pm  Sep 28, 2024)
[warning] Project:OP1E, Design:Maxwell3DDesign1 (Magnetostatic), Adaptive Passes did not converge based on specified criteria. (12:46:14 pm  Sep 28, 2024)
[info] Project:OP1E, Design:Maxwell3DDesign1 (Magnetostatic), DesignXplorer Analysis is done. (12:46:17 pm  Sep 28, 2024)
[info] Project:OP1E, Design:Maxwell3DDesign1 (Magnetostatic), A variation ($length_between_row='0.92500000000000004mm' $move_r='34.600000000000001mm') has been requested using the following machines: Local Machine. (12:46:51 pm  Sep 28, 2024)
[info] Project:OP1E, Design:Maxwell3DDesign1 (Magnetostatic), Verify conduction path: Conduction path validate success. (12:46:51 pm  Sep 28, 2024)
[warning] Project:OP1E, Design:Maxwell3DDesign1 (Magnetostatic), Adaptive Passes did not converge based on specified criteria. (12:49:43 pm  Sep 28, 2024)
[info] Project:OP1E, Design:Maxwell3DDesign1 (Magnetostatic), DesignXplorer Analysis is done. (12:49:47 pm  Sep 28, 2024)
[info] Project:OP1E, Design:Maxwell3DDesign1 (Magnetostatic), A variation ($length_between_row='4.4249999999999998mm' $move_r='28.600000000000001mm') has been requested using the following machines: Local Machine. (12:50:21 pm  Sep 28, 2024)
[info] Project:OP1E, Design:Maxwell3DDesign1 (Magnetostatic), Verify conduction path: Conduction path validate success. (12:50:21 pm  Sep 28, 2024)
[warning] Project:OP1E, Design:Maxwell3DDesign1 (Magnetostatic), Adaptive Passes did not converge based on specified criteria. (12:53:17 pm  Sep 28, 2024)
[info] Project:OP1E, Design:Maxwell3DDesign1 (Magnetostatic), DesignXplorer Analysis is done. (12:53:20 pm  Sep 28, 2024)
[info] Project:OP1E, Design:Maxwell3DDesign1 (Magnetostatic), A variation ($length_between_row='2.4750000000000001mm' $move_r='13.4mm') has been requested using the following machines: Local Machine. (12:53:54 pm  Sep 28, 2024)
[info] Project:OP1E, Design:Maxwell3DDesign1 (Magnetostatic), Verify conduction path: Conduction path validate success. (12:53:54 pm  Sep 28, 2024)
[warning] Project:OP1E, Design:Maxwell3DDesign1 (Magnetostatic), Adaptive Passes did not converge based on specified criteria. (12:56:56 pm  Sep 28, 2024)
[info] Project:OP1E, Design:Maxwell3DDesign1 (Magnetostatic), DesignXplorer Analysis is done. (12:57:00 pm  Sep 28, 2024)
[info] Project:OP1E, Design:Maxwell3DDesign1 (Magnetostatic), A variation ($length_between_row='2.0249999999999999mm' $move_r='6.2000000000000002mm') has been requested using the following machines: Local Machine. (12:57:34 pm  Sep 28, 2024)
[info] Project:OP1E, Design:Maxwell3DDesign1 (Magnetostatic), Verify conduction path: Conduction path validate success. (12:57:34 pm  Sep 28, 2024)
[warning] Project:OP1E, Design:Maxwell3DDesign1 (Magnetostatic), Adaptive Passes did not converge based on specified criteria. (1:00:36 pm  Sep 28, 2024)
[info] Project:OP1E, Design:Maxwell3DDesign1 (Magnetostatic), DesignXplorer Analysis is done. (1:00:39 pm  Sep 28, 2024)
[info] Project:OP1E, Design:Maxwell3DDesign1 (Magnetostatic), A variation ($length_between_row='2.375mm' $move_r='15.4mm') has been requested using the following machines: Local Machine. (1:01:14 pm  Sep 28, 2024)
[info] Project:OP1E, Design:Maxwell3DDesign1 (Magnetostatic), Verify conduction path: Conduction path validate success. (1:01:14 pm  Sep 28, 2024)
[warning] Project:OP1E, Design:Maxwell3DDesign1 (Magnetostatic), Adaptive Passes did not converge based on specified criteria. (1:04:13 pm  Sep 28, 2024)
[info] Project:OP1E, Design:Maxwell3DDesign1 (Magnetostatic), DesignXplorer Analysis is done. (1:04:17 pm  Sep 28, 2024)
[info] Project:OP1E, Design:Maxwell3DDesign1 (Magnetostatic), A variation ($length_between_row='4.4749999999999996mm' $move_r='20.199999999999999mm') has been requested using the following machines: Local Machine. (1:04:52 pm  Sep 28, 2024)
[info] Project:OP1E, Design:Maxwell3DDesign1 (Magnetostatic), Verify conduction path: Conduction path validate success. (1:04:52 pm  Sep 28, 2024)
[warning] Project:OP1E, Design:Maxwell3DDesign1 (Magnetostatic), Adaptive Passes did not converge based on specified criteria. (1:07:56 pm  Sep 28, 2024)
[info] Project:OP1E, Design:Maxwell3DDesign1 (Magnetostatic), DesignXplorer Analysis is done. (1:07:59 pm  Sep 28, 2024)
[info] Project:OP1E, Design:Maxwell3DDesign1 (Magnetostatic), A variation ($length_between_row='1.325mm' $move_r='30.199999999999999mm') has been requested using the following machines: Local Machine. (1:08:34 pm  Sep 28, 2024)
[info] Project:OP1E, Design:Maxwell3DDesign1 (Magnetostatic), Verify conduction path: Conduction path validate success. (1:08:34 pm  Sep 28, 2024)
[warning] Project:OP1E, Design:Maxwell3DDesign1 (Magnetostatic), Adaptive Passes did not converge based on specified criteria. (1:11:34 pm  Sep 28, 2024)
[info] Project:OP1E, Design:Maxwell3DDesign1 (Magnetostatic), DesignXplorer Analysis is done. (1:11:37 pm  Sep 28, 2024)
[info] Project:OP1E, Design:Maxwell3DDesign1 (Magnetostatic), A variation ($length_between_row='2.2749999999999999mm' $move_r='39mm') has been requested using the following machines: Local Machine. (1:12:11 pm  Sep 28, 2024)
[info] Project:OP1E, Design:Maxwell3DDesign1 (Magnetostatic), Verify conduction path: Conduction path validate success. (1:12:11 pm  Sep 28, 2024)
[warning] Project:OP1E, Design:Maxwell3DDesign1 (Magnetostatic), Adaptive Passes did not converge based on specified criteria. (1:15:05 pm  Sep 28, 2024)
[info] Project:OP1E, Design:Maxwell3DDesign1 (Magnetostatic), DesignXplorer Analysis is done. (1:15:08 pm  Sep 28, 2024)
[info] Project:OP1E, Design:Maxwell3DDesign1 (Magnetostatic), A variation ($length_between_row='2.875mm' $move_r='1.3999999999999999mm') has been requested using the following machines: Local Machine. (1:15:43 pm  Sep 28, 2024)
[info] Project:OP1E, Design:Maxwell3DDesign1 (Magnetostatic), Verify conduction path: Conduction path validate success. (1:15:43 pm  Sep 28, 2024)
[warning] Project:OP1E, Design:Maxwell3DDesign1 (Magnetostatic), Adaptive Passes did not converge based on specified criteria. (1:18:49 pm  Sep 28, 2024)
[info] Project:OP1E, Design:Maxwell3DDesign1 (Magnetostatic), DesignXplorer Analysis is done. (1:18:53 pm  Sep 28, 2024)
[info] Project:OP1E, Design:Maxwell3DDesign1 (Magnetostatic), A variation ($length_between_row='2.9750000000000001mm' $move_r='29mm') has been requested using the following machines: Local Machine. (1:19:29 pm  Sep 28, 2024)
[info] Project:OP1E, Design:Maxwell3DDesign1 (Magnetostatic), Verify conduction path: Conduction path validate success. (1:19:29 pm  Sep 28, 2024)
[warning] Project:OP1E, Design:Maxwell3DDesign1 (Magnetostatic), Adaptive Passes did not converge based on specified criteria. (1:22:23 pm  Sep 28, 2024)
[info] Project:OP1E, Design:Maxwell3DDesign1 (Magnetostatic), DesignXplorer Analysis is done. (1:22:26 pm  Sep 28, 2024)
[info] Project:OP1E, Design:Maxwell3DDesign1 (Magnetostatic), A variation ($length_between_row='0.22500000000000001mm' $move_r='29.399999999999999mm') has been requested using the following machines: Local Machine. (1:23:02 pm  Sep 28, 2024)
[info] Project:OP1E, Design:Maxwell3DDesign1 (Magnetostatic), Verify conduction path: Conduction path validate success. (1:23:02 pm  Sep 28, 2024)
[warning] Project:OP1E, Design:Maxwell3DDesign1 (Magnetostatic), Adaptive Passes did not converge based on specified criteria. (1:25:56 pm  Sep 28, 2024)
[info] Project:OP1E, Design:Maxwell3DDesign1 (Magnetostatic), DesignXplorer Analysis is done. (1:26:00 pm  Sep 28, 2024)
[info] Project:OP1E, Design:Maxwell3DDesign1 (Magnetostatic), A variation ($length_between_row='2.3250000000000002mm' $move_r='2.6000000000000001mm') has been requested using the following machines: Local Machine. (1:26:34 pm  Sep 28, 2024)
[info] Project:OP1E, Design:Maxwell3DDesign1 (Magnetostatic), Verify conduction path: Conduction path validate success. (1:26:34 pm  Sep 28, 2024)
[warning] Project:OP1E, Design:Maxwell3DDesign1 (Magnetostatic), Adaptive Passes did not converge based on specified criteria. (1:29:39 pm  Sep 28, 2024)
[info] Project:OP1E, Design:Maxwell3DDesign1 (Magnetostatic), DesignXplorer Analysis is done. (1:29:43 pm  Sep 28, 2024)
[info] Project:OP1E, Design:Maxwell3DDesign1 (Magnetostatic), A variation ($length_between_row='0.47499999999999998mm' $move_r='27.800000000000001mm') has been requested using the following machines: Local Machine. (1:30:18 pm  Sep 28, 2024)
[info] Project:OP1E, Design:Maxwell3DDesign1 (Magnetostatic), Verify conduction path: Conduction path validate success. (1:30:18 pm  Sep 28, 2024)
[warning] Project:OP1E, Design:Maxwell3DDesign1 (Magnetostatic), Adaptive Passes did not converge based on specified criteria. (1:33:12 pm  Sep 28, 2024)
[info] Project:OP1E, Design:Maxwell3DDesign1 (Magnetostatic), DesignXplorer Analysis is done. (1:33:15 pm  Sep 28, 2024)
[info] Project:OP1E, Design:Maxwell3DDesign1 (Magnetostatic), A variation ($length_between_row='1.7250000000000001mm' $move_r='17.800000000000001mm') has been requested using the following machines: Local Machine. (1:33:49 pm  Sep 28, 2024)
[info] Project:OP1E, Design:Maxwell3DDesign1 (Magnetostatic), Verify conduction path: Conduction path validate success. (1:33:49 pm  Sep 28, 2024)
[warning] Project:OP1E, Design:Maxwell3DDesign1 (Magnetostatic), Adaptive Passes did not converge based on specified criteria. (1:36:28 pm  Sep 28, 2024)
[info] Project:OP1E, Design:Maxwell3DDesign1 (Magnetostatic), DesignXplorer Analysis is done. (1:36:31 pm  Sep 28, 2024)
[info] Project:OP1E, Design:Maxwell3DDesign1 (Magnetostatic), A variation ($length_between_row='1.7749999999999999mm' $move_r='0.19999999999999901mm') has been requested using the following machines: Local Machine. (1:37:05 pm  Sep 28, 2024)
[info] Project:OP1E, Design:Maxwell3DDesign1 (Magnetostatic), Verify conduction path: Conduction path validate success. (1:37:05 pm  Sep 28, 2024)
[warning] Project:OP1E, Design:Maxwell3DDesign1 (Magnetostatic), Adaptive Passes did not converge based on specified criteria. (1:39:49 pm  Sep 28, 2024)
[info] Project:OP1E, Design:Maxwell3DDesign1 (Magnetostatic), DesignXplorer Analysis is done. (1:39:52 pm  Sep 28, 2024)
[info] Project:OP1E, Design:Maxwell3DDesign1 (Magnetostatic), A variation ($length_between_row='2.125mm' $move_r='19mm') has been requested using the following machines: Local Machine. (1:40:26 pm  Sep 28, 2024)
[info] Project:OP1E, Design:Maxwell3DDesign1 (Magnetostatic), Verify conduction path: Conduction path validate success. (1:40:26 pm  Sep 28, 2024)
[warning] Project:OP1E, Design:Maxwell3DDesign1 (Magnetostatic), Adaptive Passes did not converge based on specified criteria. (1:43:04 pm  Sep 28, 2024)
[info] Project:OP1E, Design:Maxwell3DDesign1 (Magnetostatic), DesignXplorer Analysis is done. (1:43:06 pm  Sep 28, 2024)
[info] Project:OP1E, Design:Maxwell3DDesign1 (Magnetostatic), A variation ($length_between_row='3.125mm' $move_r='7.4000000000000004mm') has been requested using the following machines: Local Machine. (1:43:40 pm  Sep 28, 2024)
[info] Project:OP1E, Design:Maxwell3DDesign1 (Magnetostatic), Verify conduction path: Conduction path validate success. (1:43:40 pm  Sep 28, 2024)
[warning] Project:OP1E, Design:Maxwell3DDesign1 (Magnetostatic), Adaptive Passes did not converge based on specified criteria. (1:46:23 pm  Sep 28, 2024)
[info] Project:OP1E, Design:Maxwell3DDesign1 (Magnetostatic), DesignXplorer Analysis is done. (1:46:26 pm  Sep 28, 2024)
[info] Project:OP1E, Design:Maxwell3DDesign1 (Magnetostatic), A variation ($length_between_row='2.2250000000000001mm' $move_r='23.399999999999999mm') has been requested using the following machines: Local Machine. (1:47:00 pm  Sep 28, 2024)
[info] Project:OP1E, Design:Maxwell3DDesign1 (Magnetostatic), Verify conduction path: Conduction path validate success. (1:47:00 pm  Sep 28, 2024)
[warning] Project:OP1E, Design:Maxwell3DDesign1 (Magnetostatic), Adaptive Passes did not converge based on specified criteria. (1:49:37 pm  Sep 28, 2024)
[info] Project:OP1E, Design:Maxwell3DDesign1 (Magnetostatic), DesignXplorer Analysis is done. (1:49:40 pm  Sep 28, 2024)
[info] Project:OP1E, Design:Maxwell3DDesign1 (Magnetostatic), A variation ($length_between_row='1.2250000000000001mm' $move_r='26.600000000000001mm') has been requested using the following machines: Local Machine. (1:50:15 pm  Sep 28, 2024)
[info] Project:OP1E, Design:Maxwell3DDesign1 (Magnetostatic), Verify conduction path: Conduction path validate success. (1:50:15 pm  Sep 28, 2024)
[warning] Project:OP1E, Design:Maxwell3DDesign1 (Magnetostatic), Adaptive Passes did not converge based on specified criteria. (1:52:49 pm  Sep 28, 2024)
[info] Project:OP1E, Design:Maxwell3DDesign1 (Magnetostatic), DesignXplorer Analysis is done. (1:52:52 pm  Sep 28, 2024)
[info] Project:OP1E, Design:Maxwell3DDesign1 (Magnetostatic), A variation ($length_between_row='0.875mm' $move_r='5.4000000000000004mm') has been requested using the following machines: Local Machine. (1:53:27 pm  Sep 28, 2024)
[info] Project:OP1E, Design:Maxwell3DDesign1 (Magnetostatic), Verify conduction path: Conduction path validate success. (1:53:27 pm  Sep 28, 2024)
[warning] Project:OP1E, Design:Maxwell3DDesign1 (Magnetostatic), Adaptive Passes did not converge based on specified criteria. (1:56:09 pm  Sep 28, 2024)
[info] Project:OP1E, Design:Maxwell3DDesign1 (Magnetostatic), DesignXplorer Analysis is done. (1:56:11 pm  Sep 28, 2024)
[info] Project:OP1E, Design:Maxwell3DDesign1 (Magnetostatic), A variation ($length_between_row='4.625mm' $move_r='16.199999999999999mm') has been requested using the following machines: Local Machine. (1:56:46 pm  Sep 28, 2024)
[info] Project:OP1E, Design:Maxwell3DDesign1 (Magnetostatic), Verify conduction path: Conduction path validate success. (1:56:46 pm  Sep 28, 2024)
[warning] Project:OP1E, Design:Maxwell3DDesign1 (Magnetostatic), Adaptive Passes did not converge based on specified criteria. (1:59:27 pm  Sep 28, 2024)
[info] Project:OP1E, Design:Maxwell3DDesign1 (Magnetostatic), DesignXplorer Analysis is done. (1:59:30 pm  Sep 28, 2024)
[info] Project:OP1E, Design:Maxwell3DDesign1 (Magnetostatic), A variation ($length_between_row='3.375mm' $move_r='26.199999999999999mm') has been requested using the following machines: Local Machine. (2:00:06 pm  Sep 28, 2024)
[info] Project:OP1E, Design:Maxwell3DDesign1 (Magnetostatic), Verify conduction path: Conduction path validate success. (2:00:06 pm  Sep 28, 2024)
[warning] Project:OP1E, Design:Maxwell3DDesign1 (Magnetostatic), Adaptive Passes did not converge based on specified criteria. (2:02:42 pm  Sep 28, 2024)
[info] Project:OP1E, Design:Maxwell3DDesign1 (Magnetostatic), DesignXplorer Analysis is done. (2:02:44 pm  Sep 28, 2024)
[info] Project:OP1E, Design:Maxwell3DDesign1 (Magnetostatic), A variation ($length_between_row='3.8250000000000002mm' $move_r='17mm') has been requested using the following machines: Local Machine. (2:03:19 pm  Sep 28, 2024)
[info] Project:OP1E, Design:Maxwell3DDesign1 (Magnetostatic), Verify conduction path: Conduction path validate success. (2:03:19 pm  Sep 28, 2024)
[warning] Project:OP1E, Design:Maxwell3DDesign1 (Magnetostatic), Adaptive Passes did not converge based on specified criteria. (2:06:18 pm  Sep 28, 2024)
[info] Project:OP1E, Design:Maxwell3DDesign1 (Magnetostatic), DesignXplorer Analysis is done. (2:06:21 pm  Sep 28, 2024)
[info] Project:OP1E, Design:Maxwell3DDesign1 (Magnetostatic), A variation ($length_between_row='0.024999999999999901mm' $move_r='23.800000000000001mm') has been requested using the following machines: Local Machine. (2:06:58 pm  Sep 28, 2024)
[info] Project:OP1E, Design:Maxwell3DDesign1 (Magnetostatic), Verify conduction path: Conduction path validate success. (2:06:58 pm  Sep 28, 2024)
[warning] Project:OP1E, Design:Maxwell3DDesign1 (Magnetostatic), Adaptive Passes did not converge based on specified criteria. (2:09:55 pm  Sep 28, 2024)
[info] Project:OP1E, Design:Maxwell3DDesign1 (Magnetostatic), DesignXplorer Analysis is done. (2:09:58 pm  Sep 28, 2024)
[info] Project:OP1E, Design:Maxwell3DDesign1 (Magnetostatic), A variation ($length_between_row='0.82499999999999996mm' $move_r='22.600000000000001mm') has been requested using the following machines: Local Machine. (2:10:34 pm  Sep 28, 2024)
[info] Project:OP1E, Design:Maxwell3DDesign1 (Magnetostatic), Verify conduction path: Conduction path validate success. (2:10:34 pm  Sep 28, 2024)
[warning] Project:OP1E, Design:Maxwell3DDesign1 (Magnetostatic), Adaptive Passes did not converge based on specified criteria. (2:13:29 pm  Sep 28, 2024)
[info] Project:OP1E, Design:Maxwell3DDesign1 (Magnetostatic), DesignXplorer Analysis is done. (2:13:32 pm  Sep 28, 2024)
[info] Project:OP1E, Design:Maxwell3DDesign1 (Magnetostatic), A variation ($length_between_row='2.625mm' $move_r='35.399999999999999mm') has been requested using the following machines: Local Machine. (2:14:09 pm  Sep 28, 2024)
[info] Project:OP1E, Design:Maxwell3DDesign1 (Magnetostatic), Verify conduction path: Conduction path validate success. (2:14:09 pm  Sep 28, 2024)
[warning] Project:OP1E, Design:Maxwell3DDesign1 (Magnetostatic), Adaptive Passes did not converge based on specified criteria. (2:17:04 pm  Sep 28, 2024)
[info] Project:OP1E, Design:Maxwell3DDesign1 (Magnetostatic), DesignXplorer Analysis is done. (2:17:08 pm  Sep 28, 2024)
[info] Project:OP1E, Design:Maxwell3DDesign1 (Magnetostatic), A variation ($length_between_row='4.0250000000000004mm' $move_r='0.60000000000000098mm') has been requested using the following machines: Local Machine. (2:17:43 pm  Sep 28, 2024)
[info] Project:OP1E, Design:Maxwell3DDesign1 (Magnetostatic), Verify conduction path: Conduction path validate success. (2:17:44 pm  Sep 28, 2024)
[warning] Project:OP1E, Design:Maxwell3DDesign1 (Magnetostatic), Adaptive Passes did not converge based on specified criteria. (2:20:52 pm  Sep 28, 2024)
[info] Project:OP1E, Design:Maxwell3DDesign1 (Magnetostatic), DesignXplorer Analysis is done. (2:20:56 pm  Sep 28, 2024)
[info] Project:OP1E, Design:Maxwell3DDesign1 (Magnetostatic), A variation ($length_between_row='3.2749999999999999mm' $move_r='32.600000000000001mm') has been requested using the following machines: Local Machine. (2:21:33 pm  Sep 28, 2024)
[info] Project:OP1E, Design:Maxwell3DDesign1 (Magnetostatic), Verify conduction path: Conduction path validate success. (2:21:33 pm  Sep 28, 2024)
[warning] Project:OP1E, Design:Maxwell3DDesign1 (Magnetostatic), Adaptive Passes did not converge based on specified criteria. (2:24:28 pm  Sep 28, 2024)
[info] Project:OP1E, Design:Maxwell3DDesign1 (Magnetostatic), DesignXplorer Analysis is done. (2:24:32 pm  Sep 28, 2024)
[info] Project:OP1E, Design:Maxwell3DDesign1 (Magnetostatic), A variation ($length_between_row='1.9750000000000001mm' $move_r='28.199999999999999mm') has been requested using the following machines: Local Machine. (2:25:07 pm  Sep 28, 2024)
[info] Project:OP1E, Design:Maxwell3DDesign1 (Magnetostatic), Verify conduction path: Conduction path validate success. (2:25:07 pm  Sep 28, 2024)
[warning] Project:OP1E, Design:Maxwell3DDesign1 (Magnetostatic), Adaptive Passes did not converge based on specified criteria. (2:28:02 pm  Sep 28, 2024)
[info] Project:OP1E, Design:Maxwell3DDesign1 (Magnetostatic), DesignXplorer Analysis is done. (2:28:06 pm  Sep 28, 2024)
[info] Project:OP1E, Design:Maxwell3DDesign1 (Magnetostatic), A variation ($length_between_row='3.9750000000000001mm' $move_r='21.399999999999999mm') has been requested using the following machines: Local Machine. (2:28:43 pm  Sep 28, 2024)
[info] Project:OP1E, Design:Maxwell3DDesign1 (Magnetostatic), Verify conduction path: Conduction path validate success. (2:28:43 pm  Sep 28, 2024)
[warning] Project:OP1E, Design:Maxwell3DDesign1 (Magnetostatic), Adaptive Passes did not converge based on specified criteria. (2:31:42 pm  Sep 28, 2024)
[info] Project:OP1E, Design:Maxwell3DDesign1 (Magnetostatic), DesignXplorer Analysis is done. (2:31:46 pm  Sep 28, 2024)
[info] Project:OP1E, Design:Maxwell3DDesign1 (Magnetostatic), A variation ($length_between_row='3.0750000000000002mm' $move_r='38.600000000000001mm') has been requested using the following machines: Local Machine. (2:32:23 pm  Sep 28, 2024)
[info] Project:OP1E, Design:Maxwell3DDesign1 (Magnetostatic), Verify conduction path: Conduction path validate success. (2:32:23 pm  Sep 28, 2024)
[warning] Project:OP1E, Design:Maxwell3DDesign1 (Magnetostatic), Adaptive Passes did not converge based on specified criteria. (2:35:16 pm  Sep 28, 2024)
[info] Project:OP1E, Design:Maxwell3DDesign1 (Magnetostatic), DesignXplorer Analysis is done. (2:35:20 pm  Sep 28, 2024)
[info] Project:OP1E, Design:Maxwell3DDesign1 (Magnetostatic), A variation ($length_between_row='4.875mm' $move_r='35mm') has been requested using the following machines: Local Machine. (2:35:54 pm  Sep 28, 2024)
[info] Project:OP1E, Design:Maxwell3DDesign1 (Magnetostatic), Verify conduction path: Conduction path validate success. (2:35:54 pm  Sep 28, 2024)
[warning] Project:OP1E, Design:Maxwell3DDesign1 (Magnetostatic), Adaptive Passes did not converge based on specified criteria. (2:38:47 pm  Sep 28, 2024)
[info] Project:OP1E, Design:Maxwell3DDesign1 (Magnetostatic), DesignXplorer Analysis is done. (2:38:51 pm  Sep 28, 2024)
[info] Project:OP1E, Design:Maxwell3DDesign1 (Magnetostatic), A variation ($length_between_row='2.9249999999999998mm' $move_r='17.399999999999999mm') has been requested using the following machines: Local Machine. (2:39:28 pm  Sep 28, 2024)
[info] Project:OP1E, Design:Maxwell3DDesign1 (Magnetostatic), Verify conduction path: Conduction path validate success. (2:39:28 pm  Sep 28, 2024)
[warning] Project:OP1E, Design:Maxwell3DDesign1 (Magnetostatic), Adaptive Passes did not converge based on specified criteria. (2:42:26 pm  Sep 28, 2024)
[info] Project:OP1E, Design:Maxwell3DDesign1 (Magnetostatic), DesignXplorer Analysis is done. (2:42:30 pm  Sep 28, 2024)
[info] Project:OP1E, Design:Maxwell3DDesign1 (Magnetostatic), A variation ($length_between_row='3.625mm' $move_r='29.800000000000001mm') has been requested using the following machines: Local Machine. (2:43:06 pm  Sep 28, 2024)
[info] Project:OP1E, Design:Maxwell3DDesign1 (Magnetostatic), Verify conduction path: Conduction path validate success. (2:43:06 pm  Sep 28, 2024)
[warning] Project:OP1E, Design:Maxwell3DDesign1 (Magnetostatic), Adaptive Passes did not converge based on specified criteria. (2:46:01 pm  Sep 28, 2024)
[info] Project:OP1E, Design:Maxwell3DDesign1 (Magnetostatic), DesignXplorer Analysis is done. (2:46:04 pm  Sep 28, 2024)
[info] Project:OP1E, Design:Maxwell3DDesign1 (Magnetostatic), A variation ($length_between_row='1.925mm' $move_r='11.800000000000001mm') has been requested using the following machines: Local Machine. (2:46:40 pm  Sep 28, 2024)
[info] Project:OP1E, Design:Maxwell3DDesign1 (Magnetostatic), Verify conduction path: Conduction path validate success. (2:46:41 pm  Sep 28, 2024)
[warning] Project:OP1E, Design:Maxwell3DDesign1 (Magnetostatic), Adaptive Passes did not converge based on specified criteria. (2:49:41 pm  Sep 28, 2024)
[info] Project:OP1E, Design:Maxwell3DDesign1 (Magnetostatic), DesignXplorer Analysis is done. (2:49:45 pm  Sep 28, 2024)
[info] Project:OP1E, Design:Maxwell3DDesign1 (Magnetostatic), A variation ($length_between_row='1.625mm' $move_r='9mm') has been requested using the following machines: Local Machine. (2:50:22 pm  Sep 28, 2024)
[info] Project:OP1E, Design:Maxwell3DDesign1 (Magnetostatic), Verify conduction path: Conduction path validate success. (2:50:22 pm  Sep 28, 2024)
[warning] Project:OP1E, Design:Maxwell3DDesign1 (Magnetostatic), Adaptive Passes did not converge based on specified criteria. (2:53:15 pm  Sep 28, 2024)
[info] Project:OP1E, Design:Maxwell3DDesign1 (Magnetostatic), DesignXplorer Analysis is done. (2:53:18 pm  Sep 28, 2024)
[info] Project:OP1E, Design:Maxwell3DDesign1 (Magnetostatic), A variation ($length_between_row='0.97499999999999998mm' $move_r='16.600000000000001mm') has been requested using the following machines: Local Machine. (2:53:56 pm  Sep 28, 2024)
[info] Project:OP1E, Design:Maxwell3DDesign1 (Magnetostatic), Verify conduction path: Conduction path validate success. (2:53:56 pm  Sep 28, 2024)
[warning] Project:OP1E, Design:Maxwell3DDesign1 (Magnetostatic), Adaptive Passes did not converge based on specified criteria. (2:56:33 pm  Sep 28, 2024)
[info] Project:OP1E, Design:Maxwell3DDesign1 (Magnetostatic), DesignXplorer Analysis is done. (2:56:36 pm  Sep 28, 2024)
[info] Project:OP1E, Design:Maxwell3DDesign1 (Magnetostatic), A variation ($length_between_row='0.77500000000000002mm' $move_r='31.399999999999995mm') has been requested using the following machines: Local Machine. (2:57:12 pm  Sep 28, 2024)
[info] Project:OP1E, Design:Maxwell3DDesign1 (Magnetostatic), Verify conduction path: Conduction path validate success. (2:57:12 pm  Sep 28, 2024)
[warning] Project:OP1E, Design:Maxwell3DDesign1 (Magnetostatic), Adaptive Passes did not converge based on specified criteria. (2:59:54 pm  Sep 28, 2024)
[info] Project:OP1E, Design:Maxwell3DDesign1 (Magnetostatic), DesignXplorer Analysis is done. (2:59:57 pm  Sep 28, 2024)
[info] Project:OP1E, Design:Maxwell3DDesign1 (Magnetostatic), A variation ($length_between_row='2.6749999999999998mm' $move_r='20.600000000000001mm') has been requested using the following machines: Local Machine. (3:00:33 pm  Sep 28, 2024)
[info] Project:OP1E, Design:Maxwell3DDesign1 (Magnetostatic), Verify conduction path: Conduction path validate success. (3:00:33 pm  Sep 28, 2024)
[warning] Project:OP1E, Design:Maxwell3DDesign1 (Magnetostatic), Adaptive Passes did not converge based on specified criteria. (3:03:11 pm  Sep 28, 2024)
[info] Project:OP1E, Design:Maxwell3DDesign1 (Magnetostatic), DesignXplorer Analysis is done. (3:03:14 pm  Sep 28, 2024)
[info] Project:OP1E, Design:Maxwell3DDesign1 (Magnetostatic), A variation ($length_between_row='0.72499999999999998mm' $move_r='9.8000000000000007mm') has been requested using the following machines: Local Machine. (3:03:50 pm  Sep 28, 2024)
[info] Project:OP1E, Design:Maxwell3DDesign1 (Magnetostatic), Verify conduction path: Conduction path validate success. (3:03:51 pm  Sep 28, 2024)
[warning] Project:OP1E, Design:Maxwell3DDesign1 (Magnetostatic), Adaptive Passes did not converge based on specified criteria. (3:06:33 pm  Sep 28, 2024)
[info] Project:OP1E, Design:Maxwell3DDesign1 (Magnetostatic), DesignXplorer Analysis is done. (3:06:37 pm  Sep 28, 2024)
[info] Project:OP1E, Design:Maxwell3DDesign1 (Magnetostatic), A variation ($length_between_row='0.17499999999999999mm' $move_r='13.800000000000001mm') has been requested using the following machines: Local Machine. (3:07:14 pm  Sep 28, 2024)
[info] Project:OP1E, Design:Maxwell3DDesign1 (Magnetostatic), Verify conduction path: Conduction path validate success. (3:07:14 pm  Sep 28, 2024)
[warning] Project:OP1E, Design:Maxwell3DDesign1 (Magnetostatic), Adaptive Passes did not converge based on specified criteria. (3:09:54 pm  Sep 28, 2024)
[info] Project:OP1E, Design:Maxwell3DDesign1 (Magnetostatic), DesignXplorer Analysis is done. (3:09:57 pm  Sep 28, 2024)
[info] Project:OP1E, Design:Maxwell3DDesign1 (Magnetostatic), A variation ($length_between_row='3.6749999999999998mm' $move_r='24.199999999999999mm') has been requested using the following machines: Local Machine. (3:10:34 pm  Sep 28, 2024)
[info] Project:OP1E, Design:Maxwell3DDesign1 (Magnetostatic), Verify conduction path: Conduction path validate success. (3:10:34 pm  Sep 28, 2024)
[warning] Project:OP1E, Design:Maxwell3DDesign1 (Magnetostatic), Adaptive Passes did not converge based on specified criteria. (3:13:13 pm  Sep 28, 2024)
[info] Project:OP1E, Design:Maxwell3DDesign1 (Magnetostatic), DesignXplorer Analysis is done. (3:13:16 pm  Sep 28, 2024)
[info] Project:OP1E, Design:Maxwell3DDesign1 (Magnetostatic), A variation ($length_between_row='3.875mm' $move_r='9.4000000000000004mm') has been requested using the following machines: Local Machine. (3:13:53 pm  Sep 28, 2024)
[info] Project:OP1E, Design:Maxwell3DDesign1 (Magnetostatic), Verify conduction path: Conduction path validate success. (3:13:53 pm  Sep 28, 2024)
[warning] Project:OP1E, Design:Maxwell3DDesign1 (Magnetostatic), Adaptive Passes did not converge based on specified criteria. (3:16:36 pm  Sep 28, 2024)
[info] Project:OP1E, Design:Maxwell3DDesign1 (Magnetostatic), DesignXplorer Analysis is done. (3:16:39 pm  Sep 28, 2024)
[info] Project:OP1E, Design:Maxwell3DDesign1 (Magnetostatic), A variation ($length_between_row='2.0750000000000002mm' $move_r='34.200000000000003mm') has been requested using the following machines: Local Machine. (3:17:17 pm  Sep 28, 2024)
[info] Project:OP1E, Design:Maxwell3DDesign1 (Magnetostatic), Verify conduction path: Conduction path validate success. (3:17:17 pm  Sep 28, 2024)
[warning] Project:OP1E, Design:Maxwell3DDesign1 (Magnetostatic), Adaptive Passes did not converge based on specified criteria. (3:19:53 pm  Sep 28, 2024)
[info] Project:OP1E, Design:Maxwell3DDesign1 (Magnetostatic), DesignXplorer Analysis is done. (3:19:56 pm  Sep 28, 2024)
[info] Project:OP1E, Design:Maxwell3DDesign1 (Magnetostatic), A variation ($length_between_row='1.5249999999999999mm' $move_r='14.6mm') has been requested using the following machines: Local Machine. (3:20:32 pm  Sep 28, 2024)
[info] Project:OP1E, Design:Maxwell3DDesign1 (Magnetostatic), Verify conduction path: Conduction path validate success. (3:20:33 pm  Sep 28, 2024)
[warning] Project:OP1E, Design:Maxwell3DDesign1 (Magnetostatic), Adaptive Passes did not converge based on specified criteria. (3:23:18 pm  Sep 28, 2024)
[info] Project:OP1E, Design:Maxwell3DDesign1 (Magnetostatic), DesignXplorer Analysis is done. (3:23:22 pm  Sep 28, 2024)
[info] Project:OP1E, Design:Maxwell3DDesign1 (Magnetostatic), A variation ($length_between_row='4.125mm' $move_r='14.199999999999999mm') has been requested using the following machines: Local Machine. (3:24:00 pm  Sep 28, 2024)
[info] Project:OP1E, Design:Maxwell3DDesign1 (Magnetostatic), Verify conduction path: Conduction path validate success. (3:24:00 pm  Sep 28, 2024)
[warning] Project:OP1E, Design:Maxwell3DDesign1 (Magnetostatic), Adaptive Passes did not converge based on specified criteria. (3:27:02 pm  Sep 28, 2024)
[info] Project:OP1E, Design:Maxwell3DDesign1 (Magnetostatic), DesignXplorer Analysis is done. (3:27:05 pm  Sep 28, 2024)
[info] Project:OP1E, Design:Maxwell3DDesign1 (Magnetostatic), A variation ($length_between_row='4.1749999999999998mm' $move_r='25.399999999999999mm') has been requested using the following machines: Local Machine. (3:27:44 pm  Sep 28, 2024)
[info] Project:OP1E, Design:Maxwell3DDesign1 (Magnetostatic), Verify conduction path: Conduction path validate success. (3:27:44 pm  Sep 28, 2024)
[warning] Project:OP1E, Design:Maxwell3DDesign1 (Magnetostatic), Adaptive Passes did not converge based on specified criteria. (3:30:42 pm  Sep 28, 2024)
[info] Project:OP1E, Design:Maxwell3DDesign1 (Magnetostatic), DesignXplorer Analysis is done. (3:30:46 pm  Sep 28, 2024)
[info] Project:OP1E, Design:Maxwell3DDesign1 (Magnetostatic), A variation ($length_between_row='3.9249999999999994mm' $move_r='30.600000000000001mm') has been requested using the following machines: Local Machine. (3:31:24 pm  Sep 28, 2024)
[info] Project:OP1E, Design:Maxwell3DDesign1 (Magnetostatic), Verify conduction path: Conduction path validate success. (3:31:24 pm  Sep 28, 2024)
[warning] Project:OP1E, Design:Maxwell3DDesign1 (Magnetostatic), Adaptive Passes did not converge based on specified criteria. (3:34:18 pm  Sep 28, 2024)
[info] Project:OP1E, Design:Maxwell3DDesign1 (Magnetostatic), DesignXplorer Analysis is done. (3:34:22 pm  Sep 28, 2024)
[info] Project:OP1E, Design:Maxwell3DDesign1 (Magnetostatic), A variation ($length_between_row='4.5750000000000002mm' $move_r='37.799999999999997mm') has been requested using the following machines: Local Machine. (3:35:00 pm  Sep 28, 2024)
[info] Project:OP1E, Design:Maxwell3DDesign1 (Magnetostatic), Verify conduction path: Conduction path validate success. (3:35:00 pm  Sep 28, 2024)
[warning] Project:OP1E, Design:Maxwell3DDesign1 (Magnetostatic), Adaptive Passes did not converge based on specified criteria. (3:37:53 pm  Sep 28, 2024)
[info] Project:OP1E, Design:Maxwell3DDesign1 (Magnetostatic), DesignXplorer Analysis is done. (3:37:57 pm  Sep 28, 2024)
[info] Project:OP1E, Design:Maxwell3DDesign1 (Magnetostatic), A variation ($length_between_row='2.7250000000000001mm' $move_r='10.199999999999999mm') has been requested using the following machines: Local Machine. (3:38:35 pm  Sep 28, 2024)
[info] Project:OP1E, Design:Maxwell3DDesign1 (Magnetostatic), Verify conduction path: Conduction path validate success. (3:38:36 pm  Sep 28, 2024)
[warning] Project:OP1E, Design:Maxwell3DDesign1 (Magnetostatic), Adaptive Passes did not converge based on specified criteria. (3:41:38 pm  Sep 28, 2024)
[info] Project:OP1E, Design:Maxwell3DDesign1 (Magnetostatic), DesignXplorer Analysis is done. (3:41:42 pm  Sep 28, 2024)
[info] Project:OP1E, Design:Maxwell3DDesign1 (Magnetostatic), A variation ($length_between_row='0.42499999999999999mm' $move_r='7mm') has been requested using the following machines: Local Machine. (3:42:22 pm  Sep 28, 2024)
[info] Project:OP1E, Design:Maxwell3DDesign1 (Magnetostatic), Verify conduction path: Conduction path validate success. (3:42:22 pm  Sep 28, 2024)
[warning] Project:OP1E, Design:Maxwell3DDesign1 (Magnetostatic), Adaptive Passes did not converge based on specified criteria. (3:45:27 pm  Sep 28, 2024)
[info] Project:OP1E, Design:Maxwell3DDesign1 (Magnetostatic), DesignXplorer Analysis is done. (3:45:31 pm  Sep 28, 2024)
Stopping Batch Run: 10:44:31 pm  Sep 28, 2024
